{
  "stats": {
    "suites": 1,
    "tests": 1,
    "passes": 1,
    "pending": 0,
    "failures": 0,
    "start": "2018-07-31T13:20:26.092Z",
    "end": "2018-07-31T13:20:29.058Z",
    "duration": 2966,
    "testsRegistered": 1,
    "passPercent": 100,
    "pendingPercent": 0,
    "other": 0,
    "hasOther": false,
    "skipped": 0,
    "hasSkipped": false,
    "passPercentClass": "success",
    "pendingPercentClass": "danger"
  },
  "suites": {
    "uuid": "b8891f2a-f068-4970-b336-824b2cede6ab",
    "title": "",
    "fullFile": "",
    "file": "",
    "beforeHooks": [],
    "afterHooks": [],
    "tests": [],
    "suites": [
      {
        "uuid": "6cacd5fd-7c11-4f20-bb54-124937888cb9",
        "title": "My First Test",
        "fullFile": "C:\\Users\\PC1\\PhpstormProjects\\ngui-common\\test\\acceptance\\my-first-codecept-test.js",
        "file": "\\test\\acceptance\\my-first-codecept-test.js",
        "beforeHooks": [
          {
            "title": "\"before all\" hook: codeceptjs.beforeSuite",
            "fullTitle": "My First Test \"before all\" hook: codeceptjs.beforeSuite",
            "timedOut": false,
            "duration": 1,
            "pass": false,
            "fail": false,
            "pending": false,
            "code": "scenario.suiteSetup(suite)",
            "err": {},
            "isRoot": false,
            "uuid": "a69ff338-7d59-40fd-854c-a6948d2706e1",
            "isHook": true,
            "skipped": false
          },
          {
            "title": "\"before each\" hook: codeceptjs.before",
            "fullTitle": "My First Test \"before each\" hook: codeceptjs.before",
            "timedOut": false,
            "duration": 914,
            "pass": false,
            "fail": false,
            "pending": false,
            "code": "scenario.setup(suite)",
            "err": {},
            "isRoot": false,
            "uuid": "e7d5e452-9901-4f52-bfd9-5637c21c7020",
            "isHook": true,
            "skipped": false
          }
        ],
        "afterHooks": [
          {
            "title": "\"after all\" hook: codeceptjs.afterSuite",
            "fullTitle": "My First Test \"after all\" hook: codeceptjs.afterSuite",
            "timedOut": false,
            "duration": 0,
            "pass": false,
            "fail": false,
            "pending": false,
            "code": "scenario.suiteTeardown(suite)",
            "err": {},
            "isRoot": false,
            "uuid": "5ce0bf94-e825-47ec-9eed-9f77222c0f57",
            "isHook": true,
            "skipped": false
          },
          {
            "title": "\"after each\" hook: finalize codeceptjs",
            "fullTitle": "My First Test \"after each\" hook: finalize codeceptjs",
            "timedOut": false,
            "duration": 314,
            "pass": false,
            "fail": false,
            "pending": false,
            "code": "scenario.teardown(suite)",
            "err": {},
            "isRoot": false,
            "uuid": "bcaca65f-78a8-47a7-b655-addc3a0cdb58",
            "isHook": true,
            "skipped": false
          }
        ],
        "tests": [
          {
            "title": "test something",
            "fullTitle": "My First Test: test something",
            "timedOut": false,
            "duration": 1731,
            "state": "passed",
            "speed": "slow",
            "pass": true,
            "fail": false,
            "pending": false,
            "code": "I => {\n  I.amOnPage('/');\n  I.see('Test Page');",
            "err": {},
            "isRoot": false,
            "uuid": "c5ca7266-8e4f-4f10-832e-d6448fd110f5",
            "isHook": false,
            "skipped": false
          }
        ],
        "suites": [],
        "passes": [
          "c5ca7266-8e4f-4f10-832e-d6448fd110f5"
        ],
        "failures": [],
        "pending": [],
        "skipped": [],
        "duration": 1731,
        "root": false,
        "rootEmpty": false,
        "_timeout": 0
      }
    ],
    "passes": [],
    "failures": [],
    "pending": [],
    "skipped": [],
    "duration": 0,
    "root": true,
    "rootEmpty": true,
    "_timeout": 0
  },
  "copyrightYear": 2018
}