{
  "stats": {
    "suites": 1,
    "tests": 1,
    "passes": 1,
    "pending": 0,
    "failures": 0,
    "start": "2018-07-03T14:44:27.492Z",
    "end": "2018-07-03T14:44:29.714Z",
    "duration": 2223,
    "testsRegistered": 1,
    "passPercent": 100,
    "pendingPercent": 0,
    "other": 0,
    "hasOther": false,
    "skipped": 0,
    "hasSkipped": false,
    "passPercentClass": "success",
    "pendingPercentClass": "danger"
  },
  "suites": {
    "uuid": "f9ed2b4c-62f2-4577-8f63-8372fc45ad94",
    "title": "",
    "fullFile": "",
    "file": "",
    "beforeHooks": [],
    "afterHooks": [],
    "tests": [],
    "suites": [
      {
        "uuid": "d36d1304-f838-4e9d-ae32-1d0fca25d4d8",
        "title": "My First Test",
        "fullFile": "/Users/allen.kim/github/ngui-common/test/acceptance/my-first-codecept-test.js",
        "file": "/test/acceptance/my-first-codecept-test.js",
        "beforeHooks": [
          {
            "title": "\"before all\" hook: codeceptjs.beforeSuite",
            "fullTitle": "My First Test \"before all\" hook: codeceptjs.beforeSuite",
            "timedOut": false,
            "duration": 1,
            "pass": false,
            "fail": false,
            "pending": false,
            "code": "scenario.suiteSetup(suite)",
            "err": {},
            "isRoot": false,
            "uuid": "c2481f61-308b-4718-b765-ab021a1234d2",
            "isHook": true,
            "skipped": false
          },
          {
            "title": "\"before each\" hook: codeceptjs.before",
            "fullTitle": "My First Test \"before each\" hook: codeceptjs.before",
            "timedOut": false,
            "duration": 1015,
            "pass": false,
            "fail": false,
            "pending": false,
            "code": "scenario.setup(suite)",
            "err": {},
            "isRoot": false,
            "uuid": "53b41423-03e6-4289-af92-440badfa4323",
            "isHook": true,
            "skipped": false
          }
        ],
        "afterHooks": [
          {
            "title": "\"after all\" hook: codeceptjs.afterSuite",
            "fullTitle": "My First Test \"after all\" hook: codeceptjs.afterSuite",
            "timedOut": false,
            "duration": 0,
            "pass": false,
            "fail": false,
            "pending": false,
            "code": "scenario.suiteTeardown(suite)",
            "err": {},
            "isRoot": false,
            "uuid": "4f09b382-44c6-4ba2-b8b8-6f450b9b05a7",
            "isHook": true,
            "skipped": false
          },
          {
            "title": "\"after each\" hook: finalize codeceptjs",
            "fullTitle": "My First Test \"after each\" hook: finalize codeceptjs",
            "timedOut": false,
            "duration": 41,
            "pass": false,
            "fail": false,
            "pending": false,
            "code": "scenario.teardown(suite)",
            "err": {},
            "isRoot": false,
            "uuid": "5da5688f-64ce-454d-9984-5c1b2b462aa8",
            "isHook": true,
            "skipped": false
          }
        ],
        "tests": [
          {
            "title": "test something",
            "fullTitle": "My First Test: test something",
            "timedOut": false,
            "duration": 1146,
            "state": "passed",
            "speed": "slow",
            "pass": true,
            "fail": false,
            "pending": false,
            "code": "I => {\n  I.amOnPage('/');\n  I.see('Test Page');",
            "err": {},
            "isRoot": false,
            "uuid": "f90c297e-c130-4c1f-8a98-fe85d8eb2343",
            "isHook": false,
            "skipped": false
          }
        ],
        "suites": [],
        "passes": [
          "f90c297e-c130-4c1f-8a98-fe85d8eb2343"
        ],
        "failures": [],
        "pending": [],
        "skipped": [],
        "duration": 1146,
        "root": false,
        "rootEmpty": false,
        "_timeout": 0
      }
    ],
    "passes": [],
    "failures": [],
    "pending": [],
    "skipped": [],
    "duration": 0,
    "root": true,
    "rootEmpty": true,
    "_timeout": 0
  },
  "copyrightYear": 2018
}