<?xml version="1.0" encoding="UTF-8"?>
<coverage generated="1525810892051" clover="3.2.0">
  <project timestamp="1525810892051" name="All files">
    <metrics statements="325" coveredstatements="307" conditionals="237" coveredconditionals="157" methods="61" coveredmethods="60" elements="623" coveredelements="524" complexity="0" loc="325" ncloc="325" packages="3" files="9" classes="9">
      <package name="in-view.src">
        <metrics statements="59" coveredstatements="59" conditionals="49" coveredconditionals="35" methods="13" coveredmethods="13"/>
        <file name="ngui-inview.component.ts" path="/Users/allen.kim/github/@ngui/common/modules/in-view/src/ngui-inview.component.ts">
          <metrics statements="37" coveredstatements="37" conditionals="27" coveredconditionals="19" methods="7" coveredmethods="7"/>
          <line num="1" count="1" type="stmt"/>
          <line num="17" count="1" type="stmt"/>
          <line num="36" count="1" type="stmt"/>
          <line num="38" count="1" type="cond" truecount="2" falsecount="1"/>
          <line num="40" count="6" type="stmt"/>
          <line num="41" count="6" type="cond" truecount="2" falsecount="1"/>
          <line num="42" count="6" type="cond" truecount="2" falsecount="1"/>
          <line num="46" count="5" type="stmt"/>
          <line num="48" count="5" type="stmt"/>
          <line num="51" count="5" type="cond" truecount="6" falsecount="2"/>
          <line num="52" count="5" type="stmt"/>
          <line num="53" count="5" type="stmt"/>
          <line num="56" count="1" type="stmt"/>
          <line num="57" count="1" type="cond" truecount="1" falsecount="1"/>
          <line num="58" count="1" type="stmt"/>
          <line num="59" count="1" type="stmt"/>
          <line num="64" count="1" type="stmt"/>
          <line num="65" count="5" type="stmt"/>
          <line num="69" count="2" type="stmt"/>
          <line num="70" count="2" type="stmt"/>
          <line num="71" count="2" type="cond" truecount="2" falsecount="0"/>
          <line num="72" count="1" type="stmt"/>
          <line num="73" count="1" type="stmt"/>
          <line num="74" count="1" type="stmt"/>
          <line num="76" count="1" type="stmt"/>
          <line num="85" count="1" type="stmt"/>
          <line num="86" count="2" type="cond" truecount="1" falsecount="1"/>
          <line num="87" count="2" type="cond" truecount="1" falsecount="1"/>
          <line num="89" count="2" type="cond" truecount="2" falsecount="0"/>
          <line num="90" count="1" type="stmt"/>
          <line num="91" count="1" type="stmt"/>
          <line num="92" count="1" type="stmt"/>
          <line num="93" count="1" type="stmt"/>
          <line num="95" count="1" type="stmt"/>
          <line num="96" count="1" type="stmt"/>
          <line num="98" count="1" type="stmt"/>
          <line num="101" count="1" type="stmt"/>
        </file>
        <file name="ngui-inview.directive.ts" path="/Users/allen.kim/github/@ngui/common/modules/in-view/src/ngui-inview.directive.ts">
          <metrics statements="22" coveredstatements="22" conditionals="22" coveredconditionals="16" methods="6" coveredmethods="6"/>
          <line num="1" count="1" type="stmt"/>
          <line num="14" count="1" type="stmt"/>
          <line num="22" count="1" type="stmt"/>
          <line num="26" count="5" type="stmt"/>
          <line num="29" count="5" type="cond" truecount="2" falsecount="1"/>
          <line num="31" count="5" type="cond" truecount="2" falsecount="1"/>
          <line num="34" count="4" type="cond" truecount="6" falsecount="2"/>
          <line num="35" count="4" type="stmt"/>
          <line num="36" count="4" type="stmt"/>
          <line num="40" count="1" type="stmt"/>
          <line num="41" count="1" type="cond" truecount="1" falsecount="1"/>
          <line num="42" count="1" type="stmt"/>
          <line num="43" count="1" type="stmt"/>
          <line num="48" count="1" type="stmt"/>
          <line num="49" count="4" type="cond" truecount="1" falsecount="1"/>
          <line num="50" count="4" type="cond" truecount="2" falsecount="0"/>
          <line num="58" count="2" type="stmt"/>
          <line num="59" count="2" type="stmt"/>
          <line num="60" count="2" type="cond" truecount="2" falsecount="0"/>
          <line num="61" count="1" type="stmt"/>
          <line num="63" count="1" type="stmt"/>
          <line num="67" count="1" type="stmt"/>
        </file>
      </package>
      <package name="list.src">
        <metrics statements="243" coveredstatements="225" conditionals="184" coveredconditionals="119" methods="41" coveredmethods="40"/>
        <file name="ngui-autocomplete.component.ts" path="/Users/allen.kim/github/@ngui/common/modules/list/src/ngui-autocomplete.component.ts">
          <metrics statements="115" coveredstatements="99" conditionals="50" coveredconditionals="23" methods="19" coveredmethods="18"/>
          <line num="1" count="2" type="stmt"/>
          <line num="8" count="2" type="stmt"/>
          <line num="9" count="2" type="stmt"/>
          <line num="10" count="2" type="stmt"/>
          <line num="12" count="2" type="stmt"/>
          <line num="13" count="2" type="stmt"/>
          <line num="14" count="2" type="stmt"/>
          <line num="15" count="2" type="stmt"/>
          <line num="17" count="14" type="cond" truecount="3" falsecount="0"/>
          <line num="30" count="2" type="stmt"/>
          <line num="31" count="2" type="stmt"/>
          <line num="32" count="16" type="stmt"/>
          <line num="33" count="16" type="stmt"/>
          <line num="34" count="16" type="stmt"/>
          <line num="37" count="2" type="cond" truecount="2" falsecount="1"/>
          <line num="40" count="14" type="stmt"/>
          <line num="56" count="2" type="stmt"/>
          <line num="57" count="3" type="cond" truecount="2" falsecount="0"/>
          <line num="58" count="3" type="cond" truecount="2" falsecount="0"/>
          <line num="59" count="3" type="stmt"/>
          <line num="61" count="3" type="cond" truecount="2" falsecount="1"/>
          <line num="64" count="2" type="stmt"/>
          <line num="65" count="1" type="stmt"/>
          <line num="66" count="1" type="stmt"/>
          <line num="68" count="1" type="stmt"/>
          <line num="69" count="1" type="stmt"/>
          <line num="70" count="1" type="stmt"/>
          <line num="71" count="1" type="stmt"/>
          <line num="72" count="1" type="stmt"/>
          <line num="75" count="2" type="stmt"/>
          <line num="76" count="1" type="stmt"/>
          <line num="77" count="1" type="stmt"/>
          <line num="78" count="1" type="stmt"/>
          <line num="79" count="1" type="stmt"/>
          <line num="80" count="1" type="stmt"/>
          <line num="83" count="2" type="stmt"/>
          <line num="84" count="1" type="stmt"/>
          <line num="85" count="1" type="stmt"/>
          <line num="86" count="1" type="cond" truecount="1" falsecount="1"/>
          <line num="87" count="1" type="stmt"/>
          <line num="89" count="1" type="stmt"/>
          <line num="90" count="1" type="stmt"/>
          <line num="93" count="2" type="stmt"/>
          <line num="94" count="1" type="stmt"/>
          <line num="95" count="1" type="stmt"/>
          <line num="96" count="1" type="cond" truecount="1" falsecount="1"/>
          <line num="97" count="1" type="stmt"/>
          <line num="99" count="1" type="stmt"/>
          <line num="100" count="1" type="stmt"/>
          <line num="103" count="2" type="stmt"/>
          <line num="104" count="1" type="stmt"/>
          <line num="107" count="2" type="stmt"/>
          <line num="108" count="1" type="stmt"/>
          <line num="109" count="1" type="stmt"/>
          <line num="111" count="1" type="stmt"/>
          <line num="114" count="2" type="stmt"/>
          <line num="115" count="0" type="stmt"/>
          <line num="116" count="0" type="stmt"/>
          <line num="117" count="0" type="cond" truecount="0" falsecount="4"/>
          <line num="118" count="0" type="cond" truecount="0" falsecount="2"/>
          <line num="119" count="0" type="stmt"/>
          <line num="121" count="0" type="stmt"/>
          <line num="123" count="0" type="cond" truecount="0" falsecount="4"/>
          <line num="124" count="0" type="cond" truecount="0" falsecount="2"/>
          <line num="125" count="0" type="cond" truecount="0" falsecount="4"/>
          <line num="127" count="0" type="cond" truecount="0" falsecount="2"/>
          <line num="128" count="0" type="stmt"/>
          <line num="129" count="0" type="stmt"/>
          <line num="130" count="0" type="stmt"/>
          <line num="135" count="2" type="stmt"/>
          <line num="136" count="1" type="cond" truecount="1" falsecount="1"/>
          <line num="137" count="1" type="stmt"/>
          <line num="138" count="1" type="stmt"/>
          <line num="139" count="1" type="stmt"/>
          <line num="140" count="1" type="stmt"/>
          <line num="141" count="1" type="stmt"/>
          <line num="142" count="1" type="stmt"/>
          <line num="143" count="1" type="stmt"/>
          <line num="144" count="1" type="stmt"/>
          <line num="150" count="2" type="stmt"/>
          <line num="151" count="1" type="stmt"/>
          <line num="152" count="1" type="cond" truecount="1" falsecount="1"/>
          <line num="153" count="1" type="stmt"/>
          <line num="155" count="0" type="stmt"/>
          <line num="159" count="2" type="stmt"/>
          <line num="160" count="2" type="cond" truecount="2" falsecount="0"/>
          <line num="161" count="1" type="stmt"/>
          <line num="162" count="1" type="stmt"/>
          <line num="163" count="1" type="stmt"/>
          <line num="165" count="1" type="stmt"/>
          <line num="166" count="1" type="stmt"/>
          <line num="167" count="1" type="stmt"/>
          <line num="172" count="2" type="stmt"/>
          <line num="173" count="1" type="stmt"/>
          <line num="174" count="1" type="stmt"/>
          <line num="175" count="1" type="stmt"/>
          <line num="176" count="1" type="stmt"/>
          <line num="177" count="1" type="stmt"/>
          <line num="179" count="1" type="stmt"/>
          <line num="180" count="1" type="stmt"/>
          <line num="181" count="1" type="stmt"/>
          <line num="185" count="2" type="stmt"/>
          <line num="186" count="1" type="stmt"/>
          <line num="187" count="1" type="stmt"/>
          <line num="192" count="1" type="cond" truecount="1" falsecount="1"/>
          <line num="193" count="1" type="cond" truecount="4" falsecount="1"/>
          <line num="194" count="0" type="stmt"/>
          <line num="195" count="0" type="stmt"/>
          <line num="196" count="1" type="cond" truecount="1" falsecount="1"/>
          <line num="197" count="1" type="stmt"/>
          <line num="198" count="1" type="stmt"/>
          <line num="202" count="3" type="stmt"/>
          <line num="203" count="1" type="stmt"/>
          <line num="204" count="1" type="stmt"/>
          <line num="207" count="2" type="stmt"/>
        </file>
        <file name="ngui-inview-page.component.ts" path="/Users/allen.kim/github/@ngui/common/modules/list/src/ngui-inview-page.component.ts">
          <metrics statements="36" coveredstatements="36" conditionals="31" coveredconditionals="21" methods="7" coveredmethods="7"/>
          <line num="1" count="4" type="stmt"/>
          <line num="53" count="4" type="stmt"/>
          <line num="56" count="4" type="cond" truecount="2" falsecount="1"/>
          <line num="60" count="4" type="stmt"/>
          <line num="65" count="6" type="stmt"/>
          <line num="67" count="6" type="stmt"/>
          <line num="76" count="6" type="cond" truecount="6" falsecount="2"/>
          <line num="77" count="6" type="cond" truecount="4" falsecount="1"/>
          <line num="78" count="6" type="stmt"/>
          <line num="84" count="4" type="stmt"/>
          <line num="85" count="1" type="cond" truecount="1" falsecount="1"/>
          <line num="86" count="1" type="stmt"/>
          <line num="87" count="1" type="cond" truecount="1" falsecount="1"/>
          <line num="88" count="1" type="stmt"/>
          <line num="89" count="1" type="stmt"/>
          <line num="90" count="1" type="stmt"/>
          <line num="94" count="4" type="stmt"/>
          <line num="95" count="1" type="stmt"/>
          <line num="99" count="4" type="stmt"/>
          <line num="100" count="6" type="stmt"/>
          <line num="101" count="6" type="stmt"/>
          <line num="107" count="4" type="stmt"/>
          <line num="108" count="1" type="cond" truecount="4" falsecount="1"/>
          <line num="110" count="1" type="stmt"/>
          <line num="111" count="1" type="stmt"/>
          <line num="113" count="1" type="stmt"/>
          <line num="114" count="1" type="cond" truecount="1" falsecount="1"/>
          <line num="115" count="1" type="stmt"/>
          <line num="116" count="1" type="cond" truecount="1" falsecount="1"/>
          <line num="117" count="1" type="stmt"/>
          <line num="122" count="4" type="stmt"/>
          <line num="123" count="1" type="cond" truecount="1" falsecount="1"/>
          <line num="124" count="1" type="stmt"/>
          <line num="125" count="1" type="stmt"/>
          <line num="126" count="1" type="stmt"/>
          <line num="130" count="4" type="stmt"/>
        </file>
        <file name="ngui-list-item.directive.ts" path="/Users/allen.kim/github/@ngui/common/modules/list/src/ngui-list-item.directive.ts">
          <metrics statements="52" coveredstatements="51" conditionals="55" coveredconditionals="42" methods="8" coveredmethods="8"/>
          <line num="1" count="1" type="stmt"/>
          <line num="14" count="1" type="stmt"/>
          <line num="15" count="1" type="stmt"/>
          <line num="16" count="1" type="stmt"/>
          <line num="17" count="1" type="stmt"/>
          <line num="18" count="1" type="stmt"/>
          <line num="24" count="1" type="stmt"/>
          <line num="25" count="1" type="stmt"/>
          <line num="32" count="7" type="cond" truecount="6" falsecount="2"/>
          <line num="33" count="7" type="cond" truecount="4" falsecount="1"/>
          <line num="34" count="7" type="cond" truecount="4" falsecount="1"/>
          <line num="35" count="7" type="cond" truecount="4" falsecount="1"/>
          <line num="36" count="7" type="cond" truecount="4" falsecount="1"/>
          <line num="37" count="7" type="stmt"/>
          <line num="40" count="1" type="stmt"/>
          <line num="41" count="2" type="stmt"/>
          <line num="42" count="2" type="cond" truecount="3" falsecount="0"/>
          <line num="43" count="2" type="cond" truecount="2" falsecount="0"/>
          <line num="44" count="1" type="stmt"/>
          <line num="46" count="1" type="cond" truecount="3" falsecount="1"/>
          <line num="47" count="1" type="stmt"/>
          <line num="48" count="1" type="stmt"/>
          <line num="53" count="2" type="stmt"/>
          <line num="54" count="3" type="stmt"/>
          <line num="55" count="3" type="cond" truecount="1" falsecount="1"/>
          <line num="56" count="3" type="stmt"/>
          <line num="58" count="3" type="stmt"/>
          <line num="59" count="3" type="stmt"/>
          <line num="60" count="3" type="cond" truecount="1" falsecount="1"/>
          <line num="61" count="3" type="cond" truecount="1" falsecount="1"/>
          <line num="63" count="3" type="stmt"/>
          <line num="65" count="1" type="stmt"/>
          <line num="66" count="1" type="stmt"/>
          <line num="68" count="1" type="stmt"/>
          <line num="69" count="1" type="stmt"/>
          <line num="71" count="1" type="stmt"/>
          <line num="76" count="2" type="stmt"/>
          <line num="77" count="2" type="stmt"/>
          <line num="79" count="1" type="stmt"/>
          <line num="80" count="1" type="stmt"/>
          <line num="82" count="1" type="stmt"/>
          <line num="83" count="1" type="stmt"/>
          <line num="85" count="0" type="stmt"/>
          <line num="89" count="2" type="stmt"/>
          <line num="90" count="1" type="stmt"/>
          <line num="93" count="2" type="stmt"/>
          <line num="94" count="1" type="cond" truecount="1" falsecount="1"/>
          <line num="95" count="1" type="stmt"/>
          <line num="99" count="2" type="stmt"/>
          <line num="100" count="1" type="cond" truecount="1" falsecount="1"/>
          <line num="101" count="1" type="stmt"/>
          <line num="104" count="1" type="stmt"/>
        </file>
        <file name="ngui-list.directive.ts" path="/Users/allen.kim/github/@ngui/common/modules/list/src/ngui-list.directive.ts">
          <metrics statements="6" coveredstatements="6" conditionals="9" coveredconditionals="6" methods="2" coveredmethods="2"/>
          <line num="1" count="2" type="stmt"/>
          <line num="12" count="2" type="stmt"/>
          <line num="14" count="3" type="cond" truecount="2" falsecount="1"/>
          <line num="16" count="3" type="cond" truecount="2" falsecount="1"/>
          <line num="18" count="1" type="cond" truecount="2" falsecount="1"/>
          <line num="19" count="2" type="stmt"/>
        </file>
        <file name="ngui-virtual-list.component.ts" path="/Users/allen.kim/github/@ngui/common/modules/list/src/ngui-virtual-list.component.ts">
          <metrics statements="34" coveredstatements="33" conditionals="39" coveredconditionals="27" methods="5" coveredmethods="5"/>
          <line num="1" count="3" type="stmt"/>
          <line num="17" count="3" type="stmt"/>
          <line num="18" count="3" type="stmt"/>
          <line num="20" count="3" type="stmt"/>
          <line num="21" count="3" type="stmt"/>
          <line num="62" count="3" type="stmt"/>
          <line num="65" count="3" type="cond" truecount="2" falsecount="1"/>
          <line num="67" count="3" type="cond" truecount="2" falsecount="1"/>
          <line num="69" count="21" type="cond" truecount="2" falsecount="1"/>
          <line num="71" count="21" type="cond" truecount="2" falsecount="1"/>
          <line num="90" count="21" type="cond" truecount="2" falsecount="1"/>
          <line num="94" count="18" type="stmt"/>
          <line num="97" count="18" type="stmt"/>
          <line num="100" count="18" type="cond" truecount="6" falsecount="2"/>
          <line num="101" count="18" type="cond" truecount="4" falsecount="1"/>
          <line num="102" count="18" type="cond" truecount="4" falsecount="1"/>
          <line num="103" count="18" type="stmt"/>
          <line num="107" count="3" type="stmt"/>
          <line num="108" count="5" type="cond" truecount="2" falsecount="2"/>
          <line num="109" count="5" type="stmt"/>
          <line num="118" count="3" type="stmt"/>
          <line num="119" count="1" type="cond" truecount="1" falsecount="1"/>
          <line num="120" count="1" type="stmt"/>
          <line num="122" count="1" type="stmt"/>
          <line num="124" count="1" type="stmt"/>
          <line num="126" count="1" type="stmt"/>
          <line num="127" count="1" type="stmt"/>
          <line num="129" count="1" type="stmt"/>
          <line num="131" count="0" type="stmt"/>
          <line num="136" count="3" type="stmt"/>
          <line num="137" count="1" type="stmt"/>
          <line num="138" count="1" type="stmt"/>
          <line num="139" count="1" type="stmt"/>
          <line num="142" count="3" type="stmt"/>
        </file>
      </package>
      <package name="utils.src">
        <metrics statements="23" coveredstatements="23" conditionals="4" coveredconditionals="3" methods="7" coveredmethods="7"/>
        <file name="dynamic-component.service.ts" path="/Users/allen.kim/github/@ngui/common/modules/utils/src/dynamic-component.service.ts">
          <metrics statements="14" coveredstatements="14" conditionals="2" coveredconditionals="1" methods="4" coveredmethods="4"/>
          <line num="26" count="4" type="stmt"/>
          <line num="40" count="4" type="stmt"/>
          <line num="47" count="20" type="stmt"/>
          <line num="56" count="4" type="stmt"/>
          <line num="57" count="1" type="cond" truecount="1" falsecount="1"/>
          <line num="58" count="1" type="stmt"/>
          <line num="60" count="1" type="stmt"/>
          <line num="66" count="4" type="stmt"/>
          <line num="67" count="1" type="stmt"/>
          <line num="68" count="1" type="stmt"/>
          <line num="69" count="1" type="stmt"/>
          <line num="71" count="1" type="stmt"/>
          <line num="73" count="1" type="stmt"/>
          <line num="76" count="4" type="stmt"/>
        </file>
        <file name="ngui-highlight.pipe.ts" path="/Users/allen.kim/github/@ngui/common/modules/utils/src/ngui-highlight.pipe.ts">
          <metrics statements="9" coveredstatements="9" conditionals="2" coveredconditionals="2" methods="3" coveredmethods="3"/>
          <line num="1" count="4" type="stmt"/>
          <line num="4" count="4" type="stmt"/>
          <line num="5" count="4" type="stmt"/>
          <line num="6" count="2" type="stmt"/>
          <line num="7" count="2" type="cond" truecount="2" falsecount="0"/>
          <line num="8" count="1" type="stmt"/>
          <line num="9" count="1" type="stmt"/>
          <line num="12" count="2" type="stmt"/>
          <line num="14" count="4" type="stmt"/>
        </file>
      </package>
    </metrics>
  </project>
</coverage>
