{"/Users/allen.kim/github/@ngui/common/modules/in-view/src/ngui-inview.component.ts": {"path":"/Users/allen.kim/github/@ngui/common/modules/in-view/src/ngui-inview.component.ts","statementMap":{"0":{"start":{"line":1,"column":0},"end":{"line":15,"column":23}},"1":{"start":{"line":17,"column":0},"end":{"line":17,"column":51}},"2":{"start":{"line":36,"column":0},"end":{"line":101,"column":0}},"3":{"start":{"line":51,"column":12},"end":{"line":51,"column":31}},"4":{"start":{"line":52,"column":12},"end":{"line":52,"column":31}},"5":{"start":{"line":53,"column":33},"end":{"line":53,"column":48}},"6":{"start":{"line":40,"column":11},"end":{"line":40,"column":72}},"7":{"start":{"line":41,"column":12},"end":{"line":41,"column":59}},"8":{"start":{"line":42,"column":12},"end":{"line":42,"column":62}},"9":{"start":{"line":46,"column":2},"end":{"line":46,"column":19}},"10":{"start":{"line":48,"column":2},"end":{"line":48,"column":27}},"11":{"start":{"line":56,"column":2},"end":{"line":61,"column":3}},"12":{"start":{"line":57,"column":4},"end":{"line":60,"column":5}},"13":{"start":{"line":58,"column":6},"end":{"line":58,"column":94}},"14":{"start":{"line":59,"column":6},"end":{"line":59,"column":56}},"15":{"start":{"line":64,"column":2},"end":{"line":66,"column":3}},"16":{"start":{"line":65,"column":4},"end":{"line":65,"column":31}},"17":{"start":{"line":69,"column":2},"end":{"line":79,"column":3}},"18":{"start":{"line":69,"column":2},"end":{"line":79,"column":2}},"19":{"start":{"line":70,"column":4},"end":{"line":78,"column":7}},"20":{"start":{"line":71,"column":6},"end":{"line":77,"column":7}},"21":{"start":{"line":72,"column":8},"end":{"line":72,"column":29}},"22":{"start":{"line":73,"column":8},"end":{"line":73,"column":41}},"23":{"start":{"line":74,"column":8},"end":{"line":74,"column":32}},"24":{"start":{"line":76,"column":8},"end":{"line":76,"column":35}},"25":{"start":{"line":85,"column":2},"end":{"line":100,"column":3}},"26":{"start":{"line":86,"column":4},"end":{"line":86,"column":51}},"27":{"start":{"line":86,"column":38},"end":{"line":86,"column":51}},"28":{"start":{"line":87,"column":4},"end":{"line":87,"column":51}},"29":{"start":{"line":87,"column":38},"end":{"line":87,"column":51}},"30":{"start":{"line":89,"column":4},"end":{"line":99,"column":5}},"31":{"start":{"line":90,"column":22},"end":{"line":90,"column":57}},"32":{"start":{"line":91,"column":19},"end":{"line":91,"column":68}},"33":{"start":{"line":92,"column":21},"end":{"line":92,"column":38}},"34":{"start":{"line":93,"column":6},"end":{"line":93,"column":59}},"35":{"start":{"line":95,"column":7},"end":{"line":95,"column":38}},"36":{"start":{"line":96,"column":7},"end":{"line":96,"column":43}},"37":{"start":{"line":98,"column":7},"end":{"line":98,"column":36}},"38":{"start":{"line":38,"column":29},"end":{"line":38,"column":56}},"39":{"start":{"line":36,"column":13},"end":{"line":101,"column":1}},"40":{"start":{"line":101,"column":0},"end":{"line":101,"column":1}},"41":{"start":{"line":36,"column":13},"end":{"line":36,"column":32}}},"fnMap":{"0":{"name":"(anonymous_4)","decl":{"start":{"line":36,"column":0},"end":{"line":null,"column":-1}},"loc":{"start":{"line":36,"column":0},"end":{"line":36,"column":-1}}},"1":{"name":"NguiInviewComponent","decl":{"start":{"line":50,"column":2},"end":{"line":51,"column":11}},"loc":{"start":{"line":53,"column":48},"end":{"line":53,"column":52}}},"2":{"name":"(anonymous_6)","decl":{"start":{"line":56,"column":2},"end":{"line":null,"column":-1}},"loc":{"start":{"line":56,"column":2},"end":{"line":61,"column":3}}},"3":{"name":"(anonymous_7)","decl":{"start":{"line":64,"column":2},"end":{"line":null,"column":-1}},"loc":{"start":{"line":64,"column":2},"end":{"line":66,"column":3}}},"4":{"name":"(anonymous_8)","decl":{"start":{"line":69,"column":2},"end":{"line":69,"column":17}},"loc":{"start":{"line":69,"column":35},"end":{"line":79,"column":3}}},"5":{"name":"(anonymous_9)","decl":{"start":{"line":70,"column":20},"end":{"line":70,"column":20}},"loc":{"start":{"line":70,"column":53},"end":{"line":78,"column":5}}},"6":{"name":"(anonymous_10)","decl":{"start":{"line":85,"column":2},"end":{"line":85,"column":22}},"loc":{"start":{"line":85,"column":28},"end":{"line":100,"column":3}}}},"branchMap":{"0":{"loc":{"start":{"line":57,"column":4},"end":{"line":60,"column":5}},"type":"if","locations":[{"start":{"line":57,"column":4},"end":{"line":60,"column":5}},{"start":{"line":57,"column":4},"end":{"line":60,"column":5}}]},"1":{"loc":{"start":{"line":71,"column":6},"end":{"line":77,"column":7}},"type":"if","locations":[{"start":{"line":71,"column":6},"end":{"line":77,"column":7}},{"start":{"line":71,"column":6},"end":{"line":77,"column":7}}]},"2":{"loc":{"start":{"line":86,"column":4},"end":{"line":86,"column":51}},"type":"if","locations":[{"start":{"line":86,"column":4},"end":{"line":86,"column":51}},{"start":{"line":86,"column":4},"end":{"line":86,"column":51}}]},"3":{"loc":{"start":{"line":87,"column":4},"end":{"line":87,"column":51}},"type":"if","locations":[{"start":{"line":87,"column":4},"end":{"line":87,"column":51}},{"start":{"line":87,"column":4},"end":{"line":87,"column":51}}]},"4":{"loc":{"start":{"line":89,"column":4},"end":{"line":99,"column":5}},"type":"if","locations":[{"start":{"line":89,"column":4},"end":{"line":99,"column":5}},{"start":{"line":89,"column":4},"end":{"line":99,"column":5}}]},"5":{"loc":{"start":{"line":38,"column":50},"end":{"line":null,"column":-1}},"type":"binary-expr","locations":[{"start":{"line":38,"column":50},"end":{"line":null,"column":-1}},{"start":{"line":38,"column":50},"end":{"line":null,"column":-1}}]},"6":{"loc":{"start":{"line":38,"column":39},"end":{"line":38,"column":50}},"type":"binary-expr","locations":[{"start":{"line":38,"column":39},"end":{"line":38,"column":50}}]},"7":{"loc":{"start":{"line":41,"column":32},"end":{"line":null,"column":-1}},"type":"binary-expr","locations":[{"start":{"line":41,"column":32},"end":{"line":null,"column":-1}},{"start":{"line":41,"column":32},"end":{"line":null,"column":-1}}]},"8":{"loc":{"start":{"line":41,"column":20},"end":{"line":41,"column":32}},"type":"binary-expr","locations":[{"start":{"line":41,"column":20},"end":{"line":41,"column":32}}]},"9":{"loc":{"start":{"line":42,"column":35},"end":{"line":null,"column":-1}},"type":"binary-expr","locations":[{"start":{"line":42,"column":35},"end":{"line":null,"column":-1}},{"start":{"line":42,"column":35},"end":{"line":null,"column":-1}}]},"10":{"loc":{"start":{"line":42,"column":23},"end":{"line":42,"column":35}},"type":"binary-expr","locations":[{"start":{"line":42,"column":23},"end":{"line":42,"column":35}}]},"11":{"loc":{"start":{"line":51,"column":31},"end":{"line":52,"column":21}},"type":"binary-expr","locations":[{"start":{"line":51,"column":31},"end":{"line":52,"column":21}},{"start":{"line":51,"column":31},"end":{"line":52,"column":21}}]},"12":{"loc":{"start":{"line":51,"column":21},"end":{"line":51,"column":31}},"type":"binary-expr","locations":[{"start":{"line":51,"column":21},"end":{"line":51,"column":31}}]},"13":{"loc":{"start":{"line":51,"column":31},"end":{"line":52,"column":31}},"type":"binary-expr","locations":[{"start":{"line":51,"column":31},"end":{"line":52,"column":31}},{"start":{"line":52,"column":31},"end":{"line":null,"column":-1}},{"start":{"line":52,"column":31},"end":{"line":null,"column":-1}}]},"14":{"loc":{"start":{"line":51,"column":31},"end":{"line":52,"column":31}},"type":"binary-expr","locations":[{"start":{"line":51,"column":31},"end":{"line":52,"column":31}},{"start":{"line":52,"column":22},"end":{"line":52,"column":31}}]}},"s":{"0":1,"1":1,"2":1,"3":5,"4":5,"5":5,"6":6,"7":6,"8":6,"9":5,"10":5,"11":1,"12":1,"13":1,"14":1,"15":1,"16":5,"17":1,"18":2,"19":2,"20":2,"21":1,"22":1,"23":1,"24":1,"25":1,"26":2,"27":0,"28":2,"29":0,"30":2,"31":1,"32":1,"33":1,"34":1,"35":1,"36":1,"37":1,"38":1,"39":1,"40":1,"41":1},"f":{"0":1,"1":5,"2":1,"3":5,"4":2,"5":2,"6":2},"b":{"0":[1,0],"1":[1,1],"2":[0,2],"3":[0,2],"4":[1,1],"5":[1,0],"6":[1],"7":[1,0],"8":[1],"9":[1,0],"10":[1],"11":[1,0],"12":[1],"13":[1,1,0],"14":[1,1]}}
,"/Users/allen.kim/github/@ngui/common/modules/in-view/src/ngui-inview.directive.ts": {"path":"/Users/allen.kim/github/@ngui/common/modules/in-view/src/ngui-inview.directive.ts","statementMap":{"0":{"start":{"line":1,"column":0},"end":{"line":13,"column":22}},"1":{"start":{"line":14,"column":0},"end":{"line":14,"column":51}},"2":{"start":{"line":22,"column":0},"end":{"line":67,"column":0}},"3":{"start":{"line":34,"column":11},"end":{"line":34,"column":30}},"4":{"start":{"line":35,"column":11},"end":{"line":35,"column":30}},"5":{"start":{"line":36,"column":33},"end":{"line":36,"column":48}},"6":{"start":{"line":26,"column":11},"end":{"line":26,"column":29}},"7":{"start":{"line":29,"column":12},"end":{"line":29,"column":63}},"8":{"start":{"line":31,"column":12},"end":{"line":31,"column":64}},"9":{"start":{"line":40,"column":2},"end":{"line":45,"column":3}},"10":{"start":{"line":41,"column":4},"end":{"line":44,"column":5}},"11":{"start":{"line":42,"column":6},"end":{"line":42,"column":94}},"12":{"start":{"line":43,"column":6},"end":{"line":43,"column":56}},"13":{"start":{"line":48,"column":2},"end":{"line":52,"column":3}},"14":{"start":{"line":49,"column":4},"end":{"line":51,"column":5}},"15":{"start":{"line":50,"column":6},"end":{"line":50,"column":50}},"16":{"start":{"line":58,"column":2},"end":{"line":66,"column":3}},"17":{"start":{"line":58,"column":2},"end":{"line":66,"column":2}},"18":{"start":{"line":59,"column":4},"end":{"line":65,"column":7}},"19":{"start":{"line":60,"column":6},"end":{"line":64,"column":7}},"20":{"start":{"line":61,"column":8},"end":{"line":61,"column":36}},"21":{"start":{"line":63,"column":8},"end":{"line":63,"column":37}},"22":{"start":{"line":22,"column":13},"end":{"line":67,"column":1}},"23":{"start":{"line":67,"column":0},"end":{"line":67,"column":1}},"24":{"start":{"line":22,"column":13},"end":{"line":22,"column":32}}},"fnMap":{"0":{"name":"(anonymous_4)","decl":{"start":{"line":22,"column":0},"end":{"line":null,"column":-1}},"loc":{"start":{"line":22,"column":0},"end":{"line":22,"column":-1}}},"1":{"name":"NguiInviewDirective","decl":{"start":{"line":33,"column":2},"end":{"line":34,"column":10}},"loc":{"start":{"line":36,"column":48},"end":{"line":37,"column":3}}},"2":{"name":"(anonymous_6)","decl":{"start":{"line":40,"column":2},"end":{"line":null,"column":-1}},"loc":{"start":{"line":40,"column":2},"end":{"line":45,"column":3}}},"3":{"name":"(anonymous_7)","decl":{"start":{"line":48,"column":2},"end":{"line":null,"column":-1}},"loc":{"start":{"line":48,"column":2},"end":{"line":52,"column":3}}},"4":{"name":"(anonymous_8)","decl":{"start":{"line":58,"column":2},"end":{"line":58,"column":17}},"loc":{"start":{"line":58,"column":35},"end":{"line":66,"column":3}}},"5":{"name":"(anonymous_9)","decl":{"start":{"line":59,"column":20},"end":{"line":59,"column":20}},"loc":{"start":{"line":59,"column":53},"end":{"line":65,"column":5}}}},"branchMap":{"0":{"loc":{"start":{"line":41,"column":4},"end":{"line":44,"column":5}},"type":"if","locations":[{"start":{"line":41,"column":4},"end":{"line":44,"column":5}},{"start":{"line":41,"column":4},"end":{"line":44,"column":5}}]},"1":{"loc":{"start":{"line":49,"column":4},"end":{"line":51,"column":5}},"type":"if","locations":[{"start":{"line":49,"column":4},"end":{"line":51,"column":5}},{"start":{"line":49,"column":4},"end":{"line":51,"column":5}}]},"2":{"loc":{"start":{"line":50,"column":6},"end":{"line":50,"column":19}},"type":"binary-expr","locations":[{"start":{"line":50,"column":6},"end":{"line":50,"column":19}},{"start":{"line":50,"column":23},"end":{"line":50,"column":49}}]},"3":{"loc":{"start":{"line":60,"column":6},"end":{"line":64,"column":7}},"type":"if","locations":[{"start":{"line":60,"column":6},"end":{"line":64,"column":7}},{"start":{"line":60,"column":6},"end":{"line":64,"column":7}}]},"4":{"loc":{"start":{"line":29,"column":36},"end":{"line":null,"column":-1}},"type":"binary-expr","locations":[{"start":{"line":29,"column":36},"end":{"line":null,"column":-1}},{"start":{"line":29,"column":36},"end":{"line":null,"column":-1}}]},"5":{"loc":{"start":{"line":29,"column":24},"end":{"line":29,"column":36}},"type":"binary-expr","locations":[{"start":{"line":29,"column":24},"end":{"line":29,"column":36}}]},"6":{"loc":{"start":{"line":31,"column":37},"end":{"line":null,"column":-1}},"type":"binary-expr","locations":[{"start":{"line":31,"column":37},"end":{"line":null,"column":-1}},{"start":{"line":31,"column":37},"end":{"line":null,"column":-1}}]},"7":{"loc":{"start":{"line":31,"column":25},"end":{"line":31,"column":37}},"type":"binary-expr","locations":[{"start":{"line":31,"column":25},"end":{"line":31,"column":37}}]},"8":{"loc":{"start":{"line":34,"column":30},"end":{"line":35,"column":20}},"type":"binary-expr","locations":[{"start":{"line":34,"column":30},"end":{"line":35,"column":20}},{"start":{"line":34,"column":30},"end":{"line":35,"column":20}}]},"9":{"loc":{"start":{"line":34,"column":20},"end":{"line":34,"column":30}},"type":"binary-expr","locations":[{"start":{"line":34,"column":20},"end":{"line":34,"column":30}}]},"10":{"loc":{"start":{"line":34,"column":30},"end":{"line":35,"column":30}},"type":"binary-expr","locations":[{"start":{"line":34,"column":30},"end":{"line":35,"column":30}},{"start":{"line":35,"column":30},"end":{"line":null,"column":-1}},{"start":{"line":35,"column":30},"end":{"line":null,"column":-1}}]},"11":{"loc":{"start":{"line":34,"column":30},"end":{"line":35,"column":30}},"type":"binary-expr","locations":[{"start":{"line":34,"column":30},"end":{"line":35,"column":30}},{"start":{"line":35,"column":21},"end":{"line":35,"column":30}}]}},"s":{"0":1,"1":1,"2":1,"3":4,"4":4,"5":4,"6":5,"7":5,"8":5,"9":1,"10":1,"11":1,"12":1,"13":1,"14":4,"15":4,"16":1,"17":2,"18":2,"19":2,"20":1,"21":1,"22":1,"23":1,"24":1},"f":{"0":1,"1":4,"2":1,"3":4,"4":2,"5":2},"b":{"0":[1,0],"1":[4,0],"2":[4,4],"3":[1,1],"4":[1,0],"5":[1],"6":[1,0],"7":[1],"8":[1,0],"9":[1],"10":[1,1,0],"11":[1,1]}}
,"/Users/allen.kim/github/@ngui/common/modules/list/src/ngui-autocomplete.component.ts": {"path":"/Users/allen.kim/github/@ngui/common/modules/list/src/ngui-autocomplete.component.ts","statementMap":{"0":{"start":{"line":1,"column":0},"end":{"line":7,"column":22}},"1":{"start":{"line":8,"column":0},"end":{"line":8,"column":44}},"2":{"start":{"line":9,"column":0},"end":{"line":9,"column":39}},"3":{"start":{"line":10,"column":0},"end":{"line":10,"column":31}},"4":{"start":{"line":12,"column":0},"end":{"line":12,"column":39}},"5":{"start":{"line":13,"column":0},"end":{"line":13,"column":72}},"6":{"start":{"line":14,"column":0},"end":{"line":14,"column":47}},"7":{"start":{"line":15,"column":0},"end":{"line":15,"column":42}},"8":{"start":{"line":30,"column":0},"end":{"line":30,"column":71}},"9":{"start":{"line":30,"column":47},"end":{"line":30,"column":71}},"10":{"start":{"line":17,"column":0},"end":{"line":207,"column":0}},"11":{"start":{"line":32,"column":11},"end":{"line":32,"column":29}},"12":{"start":{"line":33,"column":11},"end":{"line":33,"column":38}},"13":{"start":{"line":34,"column":11},"end":{"line":34,"column":42}},"14":{"start":{"line":40,"column":2},"end":{"line":40,"column":50}},"15":{"start":{"line":56,"column":2},"end":{"line":62,"column":3}},"16":{"start":{"line":57,"column":30},"end":{"line":57,"column":77}},"17":{"start":{"line":58,"column":20},"end":{"line":58,"column":65}},"18":{"start":{"line":59,"column":21},"end":{"line":59,"column":68}},"19":{"start":{"line":61,"column":4},"end":{"line":61,"column":55}},"20":{"start":{"line":64,"column":2},"end":{"line":73,"column":3}},"21":{"start":{"line":65,"column":4},"end":{"line":65,"column":77}},"22":{"start":{"line":66,"column":4},"end":{"line":66,"column":36}},"23":{"start":{"line":68,"column":4},"end":{"line":68,"column":90}},"24":{"start":{"line":69,"column":4},"end":{"line":69,"column":77}},"25":{"start":{"line":70,"column":4},"end":{"line":70,"column":76}},"26":{"start":{"line":71,"column":4},"end":{"line":71,"column":56}},"27":{"start":{"line":72,"column":4},"end":{"line":72,"column":54}},"28":{"start":{"line":75,"column":2},"end":{"line":81,"column":3}},"29":{"start":{"line":76,"column":4},"end":{"line":76,"column":34}},"30":{"start":{"line":77,"column":4},"end":{"line":77,"column":25}},"31":{"start":{"line":78,"column":4},"end":{"line":78,"column":31}},"32":{"start":{"line":79,"column":4},"end":{"line":79,"column":29}},"33":{"start":{"line":80,"column":4},"end":{"line":80,"column":75}},"34":{"start":{"line":83,"column":2},"end":{"line":91,"column":3}},"35":{"start":{"line":84,"column":4},"end":{"line":84,"column":33}},"36":{"start":{"line":85,"column":4},"end":{"line":85,"column":25}},"37":{"start":{"line":86,"column":4},"end":{"line":88,"column":5}},"38":{"start":{"line":87,"column":6},"end":{"line":87,"column":47}},"39":{"start":{"line":89,"column":4},"end":{"line":89,"column":29}},"40":{"start":{"line":90,"column":4},"end":{"line":90,"column":67}},"41":{"start":{"line":93,"column":2},"end":{"line":101,"column":3}},"42":{"start":{"line":94,"column":4},"end":{"line":94,"column":81}},"43":{"start":{"line":95,"column":4},"end":{"line":95,"column":31}},"44":{"start":{"line":96,"column":4},"end":{"line":98,"column":5}},"45":{"start":{"line":97,"column":6},"end":{"line":97,"column":47}},"46":{"start":{"line":99,"column":4},"end":{"line":99,"column":46}},"47":{"start":{"line":100,"column":4},"end":{"line":100,"column":35}},"48":{"start":{"line":103,"column":2},"end":{"line":105,"column":3}},"49":{"start":{"line":104,"column":4},"end":{"line":104,"column":36}},"50":{"start":{"line":107,"column":2},"end":{"line":112,"column":3}},"51":{"start":{"line":108,"column":4},"end":{"line":110,"column":7}},"52":{"start":{"line":109,"column":6},"end":{"line":109,"column":24}},"53":{"start":{"line":111,"column":4},"end":{"line":111,"column":26}},"54":{"start":{"line":114,"column":2},"end":{"line":132,"column":3}},"55":{"start":{"line":115,"column":4},"end":{"line":115,"column":81}},"56":{"start":{"line":116,"column":22},"end":{"line":116,"column":80}},"57":{"start":{"line":117,"column":4},"end":{"line":131,"column":5}},"58":{"start":{"line":118,"column":6},"end":{"line":122,"column":7}},"59":{"start":{"line":119,"column":8},"end":{"line":119,"column":56}},"60":{"start":{"line":121,"column":8},"end":{"line":121,"column":25}},"61":{"start":{"line":123,"column":11},"end":{"line":131,"column":5}},"62":{"start":{"line":124,"column":6},"end":{"line":124,"column":37}},"63":{"start":{"line":125,"column":11},"end":{"line":131,"column":5}},"64":{"start":{"line":127,"column":11},"end":{"line":131,"column":5}},"65":{"start":{"line":128,"column":6},"end":{"line":128,"column":37}},"66":{"start":{"line":129,"column":6},"end":{"line":129,"column":36}},"67":{"start":{"line":130,"column":6},"end":{"line":130,"column":33}},"68":{"start":{"line":135,"column":2},"end":{"line":147,"column":3}},"69":{"start":{"line":135,"column":2},"end":{"line":147,"column":2}},"70":{"start":{"line":136,"column":4},"end":{"line":146,"column":5}},"71":{"start":{"line":137,"column":6},"end":{"line":137,"column":34}},"72":{"start":{"line":138,"column":6},"end":{"line":145,"column":14}},"73":{"start":{"line":139,"column":8},"end":{"line":139,"column":35}},"74":{"start":{"line":140,"column":8},"end":{"line":140,"column":50}},"75":{"start":{"line":141,"column":8},"end":{"line":141,"column":38}},"76":{"start":{"line":142,"column":8},"end":{"line":142,"column":39}},"77":{"start":{"line":143,"column":8},"end":{"line":143,"column":25}},"78":{"start":{"line":144,"column":8},"end":{"line":144,"column":38}},"79":{"start":{"line":150,"column":2},"end":{"line":157,"column":3}},"80":{"start":{"line":151,"column":4},"end":{"line":151,"column":73}},"81":{"start":{"line":152,"column":4},"end":{"line":156,"column":5}},"82":{"start":{"line":153,"column":6},"end":{"line":153,"column":36}},"83":{"start":{"line":155,"column":6},"end":{"line":155,"column":45}},"84":{"start":{"line":159,"column":2},"end":{"line":170,"column":3}},"85":{"start":{"line":159,"column":2},"end":{"line":170,"column":2}},"86":{"start":{"line":160,"column":4},"end":{"line":169,"column":5}},"87":{"start":{"line":161,"column":6},"end":{"line":161,"column":37}},"88":{"start":{"line":162,"column":6},"end":{"line":162,"column":54}},"89":{"start":{"line":163,"column":6},"end":{"line":163,"column":35}},"90":{"start":{"line":165,"column":6},"end":{"line":168,"column":14}},"91":{"start":{"line":166,"column":8},"end":{"line":166,"column":38}},"92":{"start":{"line":167,"column":8},"end":{"line":167,"column":33}},"93":{"start":{"line":172,"column":2},"end":{"line":182,"column":3}},"94":{"start":{"line":173,"column":19},"end":{"line":173,"column":45}},"95":{"start":{"line":174,"column":22},"end":{"line":174,"column":52}},"96":{"start":{"line":175,"column":27},"end":{"line":175,"column":63}},"97":{"start":{"line":176,"column":26},"end":{"line":176,"column":74}},"98":{"start":{"line":177,"column":16},"end":{"line":177,"column":75}},"99":{"start":{"line":179,"column":4},"end":{"line":179,"column":71}},"100":{"start":{"line":180,"column":4},"end":{"line":180,"column":54}},"101":{"start":{"line":181,"column":4},"end":{"line":181,"column":76}},"102":{"start":{"line":185,"column":2},"end":{"line":205,"column":3}},"103":{"start":{"line":186,"column":4},"end":{"line":186,"column":74}},"104":{"start":{"line":187,"column":4},"end":{"line":187,"column":31}},"105":{"start":{"line":192,"column":4},"end":{"line":200,"column":5}},"106":{"start":{"line":193,"column":6},"end":{"line":199,"column":7}},"107":{"start":{"line":194,"column":8},"end":{"line":194,"column":41}},"108":{"start":{"line":195,"column":8},"end":{"line":195,"column":42}},"109":{"start":{"line":196,"column":13},"end":{"line":199,"column":7}},"110":{"start":{"line":197,"column":8},"end":{"line":197,"column":37}},"111":{"start":{"line":198,"column":8},"end":{"line":198,"column":42}},"112":{"start":{"line":202,"column":21},"end":{"line":202,"column":76}},"113":{"start":{"line":202,"column":74},"end":{"line":202,"column":75}},"114":{"start":{"line":203,"column":4},"end":{"line":203,"column":48}},"115":{"start":{"line":204,"column":4},"end":{"line":204,"column":29}},"116":{"start":{"line":31,"column":11},"end":{"line":31,"column":23}},"117":{"start":{"line":37,"column":29},"end":{"line":37,"column":56}},"118":{"start":{"line":30,"column":13},"end":{"line":207,"column":1}},"119":{"start":{"line":207,"column":0},"end":{"line":207,"column":1}},"120":{"start":{"line":30,"column":13},"end":{"line":30,"column":38}}},"fnMap":{"0":{"name":"(anonymous_7)","decl":{"start":{"line":30,"column":0},"end":{"line":null,"column":-1}},"loc":{"start":{"line":30,"column":0},"end":{"line":30,"column":-1}}},"1":{"name":"NguiAutocompleteComponent","decl":{"start":{"line":17,"column":0},"end":{"line":null,"column":-1}},"loc":{"start":{"line":17,"column":0},"end":{"line":207,"column":1}}},"2":{"name":"(anonymous_9)","decl":{"start":{"line":56,"column":2},"end":{"line":null,"column":-1}},"loc":{"start":{"line":56,"column":2},"end":{"line":62,"column":3}}},"3":{"name":"(anonymous_10)","decl":{"start":{"line":64,"column":2},"end":{"line":null,"column":-1}},"loc":{"start":{"line":64,"column":2},"end":{"line":73,"column":3}}},"4":{"name":"(anonymous_11)","decl":{"start":{"line":75,"column":2},"end":{"line":75,"column":12}},"loc":{"start":{"line":75,"column":18},"end":{"line":81,"column":3}}},"5":{"name":"(anonymous_12)","decl":{"start":{"line":83,"column":2},"end":{"line":null,"column":-1}},"loc":{"start":{"line":83,"column":2},"end":{"line":91,"column":3}}},"6":{"name":"(anonymous_13)","decl":{"start":{"line":93,"column":2},"end":{"line":93,"column":18}},"loc":{"start":{"line":93,"column":24},"end":{"line":101,"column":3}}},"7":{"name":"(anonymous_14)","decl":{"start":{"line":103,"column":2},"end":{"line":103,"column":18}},"loc":{"start":{"line":103,"column":24},"end":{"line":105,"column":3}}},"8":{"name":"(anonymous_15)","decl":{"start":{"line":107,"column":2},"end":{"line":null,"column":-1}},"loc":{"start":{"line":107,"column":2},"end":{"line":112,"column":3}}},"9":{"name":"(anonymous_16)","decl":{"start":{"line":108,"column":29},"end":{"line":108,"column":28}},"loc":{"start":{"line":108,"column":36},"end":{"line":110,"column":5}}},"10":{"name":"(anonymous_17)","decl":{"start":{"line":114,"column":2},"end":{"line":114,"column":16}},"loc":{"start":{"line":114,"column":37},"end":{"line":132,"column":3}}},"11":{"name":"(anonymous_18)","decl":{"start":{"line":135,"column":2},"end":{"line":null,"column":-1}},"loc":{"start":{"line":135,"column":2},"end":{"line":147,"column":3}}},"12":{"name":"(anonymous_19)","decl":{"start":{"line":138,"column":33},"end":{"line":138,"column":32}},"loc":{"start":{"line":138,"column":34},"end":{"line":145,"column":7}}},"13":{"name":"(anonymous_20)","decl":{"start":{"line":150,"column":2},"end":{"line":null,"column":-1}},"loc":{"start":{"line":150,"column":2},"end":{"line":157,"column":3}}},"14":{"name":"(anonymous_21)","decl":{"start":{"line":159,"column":2},"end":{"line":159,"column":12}},"loc":{"start":{"line":159,"column":55},"end":{"line":170,"column":3}}},"15":{"name":"(anonymous_22)","decl":{"start":{"line":165,"column":36},"end":{"line":165,"column":35}},"loc":{"start":{"line":165,"column":37},"end":{"line":168,"column":7}}},"16":{"name":"(anonymous_23)","decl":{"start":{"line":172,"column":2},"end":{"line":null,"column":-1}},"loc":{"start":{"line":172,"column":2},"end":{"line":182,"column":3}}},"17":{"name":"(anonymous_24)","decl":{"start":{"line":185,"column":2},"end":{"line":185,"column":9}},"loc":{"start":{"line":185,"column":27},"end":{"line":205,"column":3}}},"18":{"name":"(anonymous_25)","decl":{"start":{"line":202,"column":69},"end":{"line":202,"column":68}},"loc":{"start":{"line":202,"column":70},"end":{"line":202,"column":75}}}},"branchMap":{"0":{"loc":{"start":{"line":17,"column":0},"end":{"line":207,"column":0}},"type":"binary-expr","locations":[{"start":{"line":17,"column":0},"end":{"line":207,"column":0}},{"start":{"line":17,"column":0},"end":{"line":207,"column":0}},{"start":{"line":17,"column":0},"end":{"line":207,"column":0}}]},"1":{"loc":{"start":{"line":57,"column":30},"end":{"line":57,"column":52}},"type":"binary-expr","locations":[{"start":{"line":57,"column":30},"end":{"line":57,"column":52}},{"start":{"line":57,"column":56},"end":{"line":57,"column":77}}]},"2":{"loc":{"start":{"line":58,"column":20},"end":{"line":58,"column":39}},"type":"binary-expr","locations":[{"start":{"line":58,"column":20},"end":{"line":58,"column":39}},{"start":{"line":58,"column":43},"end":{"line":58,"column":65}}]},"3":{"loc":{"start":{"line":61,"column":12},"end":{"line":61,"column":30}},"type":"binary-expr","locations":[{"start":{"line":61,"column":12},"end":{"line":61,"column":30}},{"start":{"line":61,"column":34},"end":{"line":61,"column":41}},{"start":{"line":61,"column":45},"end":{"line":61,"column":53}}]},"4":{"loc":{"start":{"line":86,"column":4},"end":{"line":88,"column":5}},"type":"if","locations":[{"start":{"line":86,"column":4},"end":{"line":88,"column":5}},{"start":{"line":86,"column":4},"end":{"line":88,"column":5}}]},"5":{"loc":{"start":{"line":96,"column":4},"end":{"line":98,"column":5}},"type":"if","locations":[{"start":{"line":96,"column":4},"end":{"line":98,"column":5}},{"start":{"line":96,"column":4},"end":{"line":98,"column":5}}]},"6":{"loc":{"start":{"line":117,"column":4},"end":{"line":131,"column":5}},"type":"if","locations":[{"start":{"line":117,"column":4},"end":{"line":131,"column":5}},{"start":{"line":117,"column":4},"end":{"line":131,"column":5}}]},"7":{"loc":{"start":{"line":117,"column":8},"end":{"line":117,"column":29}},"type":"binary-expr","locations":[{"start":{"line":117,"column":8},"end":{"line":117,"column":29}},{"start":{"line":117,"column":33},"end":{"line":117,"column":55}}]},"8":{"loc":{"start":{"line":118,"column":6},"end":{"line":122,"column":7}},"type":"if","locations":[{"start":{"line":118,"column":6},"end":{"line":122,"column":7}},{"start":{"line":118,"column":6},"end":{"line":122,"column":7}}]},"9":{"loc":{"start":{"line":123,"column":11},"end":{"line":131,"column":5}},"type":"if","locations":[{"start":{"line":123,"column":11},"end":{"line":131,"column":5}},{"start":{"line":123,"column":11},"end":{"line":131,"column":5}}]},"10":{"loc":{"start":{"line":123,"column":15},"end":{"line":123,"column":40}},"type":"binary-expr","locations":[{"start":{"line":123,"column":15},"end":{"line":123,"column":40}},{"start":{"line":123,"column":44},"end":{"line":123,"column":70}}]},"11":{"loc":{"start":{"line":124,"column":6},"end":{"line":124,"column":15}},"type":"binary-expr","locations":[{"start":{"line":124,"column":6},"end":{"line":124,"column":15}},{"start":{"line":124,"column":19},"end":{"line":124,"column":36}}]},"12":{"loc":{"start":{"line":125,"column":11},"end":{"line":131,"column":5}},"type":"if","locations":[{"start":{"line":125,"column":11},"end":{"line":131,"column":5}},{"start":{"line":125,"column":11},"end":{"line":131,"column":5}}]},"13":{"loc":{"start":{"line":125,"column":15},"end":{"line":125,"column":38}},"type":"binary-expr","locations":[{"start":{"line":125,"column":15},"end":{"line":125,"column":38}},{"start":{"line":125,"column":42},"end":{"line":125,"column":67}}]},"14":{"loc":{"start":{"line":127,"column":11},"end":{"line":131,"column":5}},"type":"if","locations":[{"start":{"line":127,"column":11},"end":{"line":131,"column":5}},{"start":{"line":127,"column":11},"end":{"line":131,"column":5}}]},"15":{"loc":{"start":{"line":136,"column":4},"end":{"line":146,"column":5}},"type":"if","locations":[{"start":{"line":136,"column":4},"end":{"line":146,"column":5}},{"start":{"line":136,"column":4},"end":{"line":146,"column":5}}]},"16":{"loc":{"start":{"line":152,"column":4},"end":{"line":156,"column":5}},"type":"if","locations":[{"start":{"line":152,"column":4},"end":{"line":156,"column":5}},{"start":{"line":152,"column":4},"end":{"line":156,"column":5}}]},"17":{"loc":{"start":{"line":160,"column":4},"end":{"line":169,"column":5}},"type":"if","locations":[{"start":{"line":160,"column":4},"end":{"line":169,"column":5}},{"start":{"line":160,"column":4},"end":{"line":169,"column":5}}]},"18":{"loc":{"start":{"line":192,"column":4},"end":{"line":200,"column":5}},"type":"if","locations":[{"start":{"line":192,"column":4},"end":{"line":200,"column":5}},{"start":{"line":192,"column":4},"end":{"line":200,"column":5}}]},"19":{"loc":{"start":{"line":193,"column":6},"end":{"line":199,"column":7}},"type":"if","locations":[{"start":{"line":193,"column":6},"end":{"line":199,"column":7}},{"start":{"line":193,"column":6},"end":{"line":199,"column":7}}]},"20":{"loc":{"start":{"line":193,"column":10},"end":{"line":193,"column":26}},"type":"binary-expr","locations":[{"start":{"line":193,"column":10},"end":{"line":193,"column":26}},{"start":{"line":193,"column":31},"end":{"line":193,"column":37}},{"start":{"line":193,"column":41},"end":{"line":193,"column":59}}]},"21":{"loc":{"start":{"line":196,"column":13},"end":{"line":199,"column":7}},"type":"if","locations":[{"start":{"line":196,"column":13},"end":{"line":199,"column":7}},{"start":{"line":196,"column":13},"end":{"line":199,"column":7}}]},"22":{"loc":{"start":{"line":37,"column":50},"end":{"line":null,"column":-1}},"type":"binary-expr","locations":[{"start":{"line":37,"column":50},"end":{"line":null,"column":-1}},{"start":{"line":37,"column":50},"end":{"line":null,"column":-1}}]},"23":{"loc":{"start":{"line":37,"column":39},"end":{"line":37,"column":50}},"type":"binary-expr","locations":[{"start":{"line":37,"column":39},"end":{"line":37,"column":50}}]}},"s":{"0":2,"1":2,"2":2,"3":2,"4":2,"5":2,"6":2,"7":2,"8":2,"9":2,"10":14,"11":16,"12":16,"13":16,"14":14,"15":2,"16":3,"17":3,"18":3,"19":3,"20":2,"21":1,"22":1,"23":1,"24":1,"25":1,"26":1,"27":1,"28":2,"29":1,"30":1,"31":1,"32":1,"33":1,"34":2,"35":1,"36":1,"37":1,"38":1,"39":1,"40":1,"41":2,"42":1,"43":1,"44":1,"45":1,"46":1,"47":1,"48":2,"49":1,"50":2,"51":1,"52":1,"53":1,"54":2,"55":0,"56":0,"57":0,"58":0,"59":0,"60":0,"61":0,"62":0,"63":0,"64":0,"65":0,"66":0,"67":0,"68":2,"69":1,"70":1,"71":1,"72":1,"73":1,"74":1,"75":1,"76":1,"77":1,"78":1,"79":2,"80":1,"81":1,"82":1,"83":0,"84":2,"85":2,"86":2,"87":1,"88":1,"89":1,"90":1,"91":1,"92":1,"93":2,"94":1,"95":1,"96":1,"97":1,"98":1,"99":1,"100":1,"101":1,"102":2,"103":1,"104":1,"105":1,"106":1,"107":0,"108":0,"109":1,"110":1,"111":1,"112":1,"113":3,"114":1,"115":1,"116":2,"117":2,"118":2,"119":2,"120":2},"f":{"0":2,"1":14,"2":3,"3":1,"4":1,"5":1,"6":1,"7":1,"8":1,"9":1,"10":0,"11":1,"12":1,"13":1,"14":2,"15":1,"16":1,"17":1,"18":3},"b":{"0":[14,14,14],"1":[3,2],"2":[3,3],"3":[3,1,0],"4":[1,0],"5":[1,0],"6":[0,0],"7":[0,0],"8":[0,0],"9":[0,0],"10":[0,0],"11":[0,0],"12":[0,0],"13":[0,0],"14":[0,0],"15":[1,0],"16":[1,0],"17":[1,1],"18":[1,0],"19":[0,1],"20":[1,1,1],"21":[1,0],"22":[2,0],"23":[2]}}
,"/Users/allen.kim/github/@ngui/common/modules/list/src/ngui-inview-page.component.ts": {"path":"/Users/allen.kim/github/@ngui/common/modules/list/src/ngui-inview-page.component.ts","statementMap":{"0":{"start":{"line":1,"column":0},"end":{"line":11,"column":22}},"1":{"start":{"line":53,"column":0},"end":{"line":130,"column":0}},"2":{"start":{"line":76,"column":12},"end":{"line":76,"column":31}},"3":{"start":{"line":77,"column":12},"end":{"line":77,"column":31}},"4":{"start":{"line":78,"column":12},"end":{"line":78,"column":36}},"5":{"start":{"line":65,"column":2},"end":{"line":65,"column":18}},"6":{"start":{"line":67,"column":2},"end":{"line":67,"column":31}},"7":{"start":{"line":84,"column":2},"end":{"line":92,"column":3}},"8":{"start":{"line":85,"column":4},"end":{"line":91,"column":5}},"9":{"start":{"line":86,"column":6},"end":{"line":86,"column":27}},"10":{"start":{"line":87,"column":6},"end":{"line":87,"column":54}},"11":{"start":{"line":88,"column":6},"end":{"line":88,"column":35}},"12":{"start":{"line":89,"column":6},"end":{"line":89,"column":67}},"13":{"start":{"line":90,"column":6},"end":{"line":90,"column":33}},"14":{"start":{"line":94,"column":2},"end":{"line":97,"column":3}},"15":{"start":{"line":95,"column":4},"end":{"line":96,"column":72}},"16":{"start":{"line":99,"column":2},"end":{"line":102,"column":3}},"17":{"start":{"line":100,"column":4},"end":{"line":100,"column":67}},"18":{"start":{"line":101,"column":4},"end":{"line":101,"column":26}},"19":{"start":{"line":107,"column":2},"end":{"line":120,"column":3}},"20":{"start":{"line":108,"column":4},"end":{"line":119,"column":5}},"21":{"start":{"line":110,"column":21},"end":{"line":110,"column":78}},"22":{"start":{"line":111,"column":6},"end":{"line":111,"column":71}},"23":{"start":{"line":113,"column":6},"end":{"line":113,"column":26}},"24":{"start":{"line":114,"column":6},"end":{"line":114,"column":54}},"25":{"start":{"line":115,"column":6},"end":{"line":115,"column":29}},"26":{"start":{"line":116,"column":6},"end":{"line":118,"column":7}},"27":{"start":{"line":117,"column":8},"end":{"line":117,"column":35}},"28":{"start":{"line":122,"column":2},"end":{"line":128,"column":3}},"29":{"start":{"line":123,"column":4},"end":{"line":127,"column":5}},"30":{"start":{"line":124,"column":6},"end":{"line":124,"column":78}},"31":{"start":{"line":125,"column":6},"end":{"line":125,"column":25}},"32":{"start":{"line":126,"column":6},"end":{"line":126,"column":33}},"33":{"start":{"line":56,"column":29},"end":{"line":56,"column":56}},"34":{"start":{"line":60,"column":18},"end":{"line":60,"column":36}},"35":{"start":{"line":53,"column":13},"end":{"line":130,"column":1}},"36":{"start":{"line":130,"column":0},"end":{"line":130,"column":1}},"37":{"start":{"line":53,"column":13},"end":{"line":53,"column":36}}},"fnMap":{"0":{"name":"(anonymous_2)","decl":{"start":{"line":53,"column":0},"end":{"line":null,"column":-1}},"loc":{"start":{"line":53,"column":0},"end":{"line":53,"column":-1}}},"1":{"name":"NguiInviewPageComponent","decl":{"start":{"line":75,"column":2},"end":{"line":76,"column":11}},"loc":{"start":{"line":78,"column":36},"end":{"line":79,"column":7}}},"2":{"name":"(anonymous_4)","decl":{"start":{"line":84,"column":2},"end":{"line":null,"column":-1}},"loc":{"start":{"line":84,"column":2},"end":{"line":92,"column":3}}},"3":{"name":"(anonymous_5)","decl":{"start":{"line":94,"column":2},"end":{"line":null,"column":-1}},"loc":{"start":{"line":94,"column":2},"end":{"line":97,"column":3}}},"4":{"name":"(anonymous_6)","decl":{"start":{"line":99,"column":2},"end":{"line":null,"column":-1}},"loc":{"start":{"line":99,"column":2},"end":{"line":102,"column":3}}},"5":{"name":"(anonymous_7)","decl":{"start":{"line":107,"column":2},"end":{"line":null,"column":-1}},"loc":{"start":{"line":107,"column":2},"end":{"line":120,"column":3}}},"6":{"name":"(anonymous_8)","decl":{"start":{"line":122,"column":2},"end":{"line":122,"column":10}},"loc":{"start":{"line":122,"column":28},"end":{"line":128,"column":3}}}},"branchMap":{"0":{"loc":{"start":{"line":85,"column":4},"end":{"line":91,"column":5}},"type":"if","locations":[{"start":{"line":85,"column":4},"end":{"line":91,"column":5}},{"start":{"line":85,"column":4},"end":{"line":91,"column":5}}]},"1":{"loc":{"start":{"line":87,"column":30},"end":{"line":87,"column":46}},"type":"binary-expr","locations":[{"start":{"line":87,"column":30},"end":{"line":87,"column":46}},{"start":{"line":87,"column":50},"end":{"line":87,"column":52}}]},"2":{"loc":{"start":{"line":108,"column":4},"end":{"line":119,"column":5}},"type":"if","locations":[{"start":{"line":108,"column":4},"end":{"line":119,"column":5}},{"start":{"line":108,"column":4},"end":{"line":119,"column":5}}]},"3":{"loc":{"start":{"line":108,"column":8},"end":{"line":108,"column":18}},"type":"binary-expr","locations":[{"start":{"line":108,"column":8},"end":{"line":108,"column":18}},{"start":{"line":108,"column":22},"end":{"line":108,"column":37}},{"start":{"line":108,"column":41},"end":{"line":108,"column":54}}]},"4":{"loc":{"start":{"line":114,"column":36},"end":{"line":114,"column":46}},"type":"binary-expr","locations":[{"start":{"line":114,"column":36},"end":{"line":114,"column":46}},{"start":{"line":114,"column":50},"end":{"line":114,"column":52}}]},"5":{"loc":{"start":{"line":116,"column":6},"end":{"line":118,"column":7}},"type":"if","locations":[{"start":{"line":116,"column":6},"end":{"line":118,"column":7}},{"start":{"line":116,"column":6},"end":{"line":118,"column":7}}]},"6":{"loc":{"start":{"line":123,"column":4},"end":{"line":127,"column":5}},"type":"if","locations":[{"start":{"line":123,"column":4},"end":{"line":127,"column":5}},{"start":{"line":123,"column":4},"end":{"line":127,"column":5}}]},"7":{"loc":{"start":{"line":56,"column":50},"end":{"line":null,"column":-1}},"type":"binary-expr","locations":[{"start":{"line":56,"column":50},"end":{"line":null,"column":-1}},{"start":{"line":56,"column":50},"end":{"line":null,"column":-1}}]},"8":{"loc":{"start":{"line":56,"column":39},"end":{"line":56,"column":50}},"type":"binary-expr","locations":[{"start":{"line":56,"column":39},"end":{"line":56,"column":50}}]},"9":{"loc":{"start":{"line":76,"column":31},"end":{"line":77,"column":21}},"type":"binary-expr","locations":[{"start":{"line":76,"column":31},"end":{"line":77,"column":21}},{"start":{"line":76,"column":31},"end":{"line":77,"column":21}}]},"10":{"loc":{"start":{"line":76,"column":21},"end":{"line":76,"column":31}},"type":"binary-expr","locations":[{"start":{"line":76,"column":21},"end":{"line":76,"column":31}}]},"11":{"loc":{"start":{"line":76,"column":31},"end":{"line":77,"column":31}},"type":"binary-expr","locations":[{"start":{"line":76,"column":31},"end":{"line":77,"column":31}},{"start":{"line":77,"column":31},"end":{"line":78,"column":18}},{"start":{"line":77,"column":31},"end":{"line":78,"column":18}}]},"12":{"loc":{"start":{"line":76,"column":31},"end":{"line":77,"column":31}},"type":"binary-expr","locations":[{"start":{"line":76,"column":31},"end":{"line":77,"column":31}},{"start":{"line":77,"column":22},"end":{"line":77,"column":31}}]},"13":{"loc":{"start":{"line":77,"column":31},"end":{"line":78,"column":36}},"type":"binary-expr","locations":[{"start":{"line":77,"column":31},"end":{"line":78,"column":36}},{"start":{"line":78,"column":36},"end":{"line":null,"column":-1}},{"start":{"line":78,"column":36},"end":{"line":null,"column":-1}}]},"14":{"loc":{"start":{"line":77,"column":31},"end":{"line":78,"column":36}},"type":"binary-expr","locations":[{"start":{"line":77,"column":31},"end":{"line":78,"column":36}},{"start":{"line":78,"column":19},"end":{"line":78,"column":36}}]}},"s":{"0":4,"1":4,"2":6,"3":6,"4":6,"5":6,"6":6,"7":4,"8":1,"9":1,"10":1,"11":1,"12":1,"13":1,"14":4,"15":1,"16":4,"17":6,"18":6,"19":4,"20":1,"21":1,"22":1,"23":1,"24":1,"25":1,"26":1,"27":1,"28":4,"29":1,"30":1,"31":1,"32":1,"33":4,"34":4,"35":4,"36":4,"37":4},"f":{"0":4,"1":6,"2":1,"3":1,"4":6,"5":1,"6":1},"b":{"0":[1,0],"1":[1,0],"2":[1,0],"3":[1,1,1],"4":[1,0],"5":[1,0],"6":[1,0],"7":[4,0],"8":[4],"9":[4,0],"10":[4],"11":[4,4,0],"12":[4,4],"13":[4,4,0],"14":[4,4]}}
,"/Users/allen.kim/github/@ngui/common/modules/list/src/ngui-list-item.directive.ts": {"path":"/Users/allen.kim/github/@ngui/common/modules/list/src/ngui-list-item.directive.ts","statementMap":{"0":{"start":{"line":1,"column":0},"end":{"line":12,"column":22}},"1":{"start":{"line":14,"column":0},"end":{"line":14,"column":57}},"2":{"start":{"line":15,"column":0},"end":{"line":15,"column":72}},"3":{"start":{"line":16,"column":0},"end":{"line":16,"column":73}},"4":{"start":{"line":17,"column":0},"end":{"line":17,"column":42}},"5":{"start":{"line":18,"column":0},"end":{"line":18,"column":47}},"6":{"start":{"line":24,"column":0},"end":{"line":104,"column":0}},"7":{"start":{"line":32,"column":12},"end":{"line":32,"column":26}},"8":{"start":{"line":33,"column":12},"end":{"line":33,"column":31}},"9":{"start":{"line":34,"column":12},"end":{"line":34,"column":43}},"10":{"start":{"line":35,"column":32},"end":{"line":35,"column":64}},"11":{"start":{"line":36,"column":32},"end":{"line":36,"column":78}},"12":{"start":{"line":37,"column":32},"end":{"line":37,"column":80}},"13":{"start":{"line":40,"column":2},"end":{"line":50,"column":3}},"14":{"start":{"line":41,"column":4},"end":{"line":41,"column":71}},"15":{"start":{"line":42,"column":4},"end":{"line":42,"column":104}},"16":{"start":{"line":43,"column":4},"end":{"line":45,"column":5}},"17":{"start":{"line":44,"column":6},"end":{"line":44,"column":107}},"18":{"start":{"line":46,"column":4},"end":{"line":49,"column":5}},"19":{"start":{"line":47,"column":6},"end":{"line":47,"column":33}},"20":{"start":{"line":48,"column":6},"end":{"line":48,"column":57}},"21":{"start":{"line":53,"column":39},"end":{"line":73,"column":3}},"22":{"start":{"line":54,"column":25},"end":{"line":54,"column":46}},"23":{"start":{"line":55,"column":20},"end":{"line":55,"column":48}},"24":{"start":{"line":56,"column":25},"end":{"line":56,"column":66}},"25":{"start":{"line":58,"column":8},"end":{"line":58,"column":67}},"26":{"start":{"line":59,"column":24},"end":{"line":59,"column":55}},"27":{"start":{"line":60,"column":25},"end":{"line":60,"column":67}},"28":{"start":{"line":61,"column":25},"end":{"line":61,"column":86}},"29":{"start":{"line":63,"column":4},"end":{"line":72,"column":5}},"30":{"start":{"line":65,"column":8},"end":{"line":65,"column":29}},"31":{"start":{"line":66,"column":8},"end":{"line":66,"column":14}},"32":{"start":{"line":68,"column":8},"end":{"line":68,"column":29}},"33":{"start":{"line":69,"column":8},"end":{"line":69,"column":14}},"34":{"start":{"line":71,"column":8},"end":{"line":71,"column":14}},"35":{"start":{"line":76,"column":37},"end":{"line":87,"column":3}},"36":{"start":{"line":77,"column":4},"end":{"line":86,"column":5}},"37":{"start":{"line":79,"column":8},"end":{"line":79,"column":55}},"38":{"start":{"line":80,"column":8},"end":{"line":80,"column":14}},"39":{"start":{"line":82,"column":8},"end":{"line":82,"column":43}},"40":{"start":{"line":83,"column":8},"end":{"line":83,"column":14}},"41":{"start":{"line":85,"column":8},"end":{"line":85,"column":14}},"42":{"start":{"line":89,"column":37},"end":{"line":91,"column":3}},"43":{"start":{"line":90,"column":4},"end":{"line":90,"column":51}},"44":{"start":{"line":93,"column":37},"end":{"line":97,"column":3}},"45":{"start":{"line":94,"column":4},"end":{"line":96,"column":5}},"46":{"start":{"line":95,"column":6},"end":{"line":95,"column":58}},"47":{"start":{"line":99,"column":36},"end":{"line":103,"column":3}},"48":{"start":{"line":100,"column":4},"end":{"line":102,"column":5}},"49":{"start":{"line":101,"column":6},"end":{"line":101,"column":59}},"50":{"start":{"line":25,"column":17},"end":{"line":25,"column":29}},"51":{"start":{"line":24,"column":13},"end":{"line":104,"column":1}},"52":{"start":{"line":104,"column":0},"end":{"line":104,"column":1}},"53":{"start":{"line":24,"column":13},"end":{"line":24,"column":34}}},"fnMap":{"0":{"name":"(anonymous_4)","decl":{"start":{"line":24,"column":0},"end":{"line":null,"column":-1}},"loc":{"start":{"line":24,"column":0},"end":{"line":24,"column":-1}}},"1":{"name":"NguiListItemDirective","decl":{"start":{"line":31,"column":2},"end":{"line":32,"column":11}},"loc":{"start":{"line":37,"column":80},"end":{"line":38,"column":7}}},"2":{"name":"(anonymous_6)","decl":{"start":{"line":40,"column":2},"end":{"line":null,"column":-1}},"loc":{"start":{"line":40,"column":2},"end":{"line":50,"column":3}}},"3":{"name":"(anonymous_7)","decl":{"start":{"line":53,"column":39},"end":{"line":53,"column":46}},"loc":{"start":{"line":53,"column":52},"end":{"line":73,"column":3}}},"4":{"name":"(anonymous_8)","decl":{"start":{"line":76,"column":37},"end":{"line":76,"column":42}},"loc":{"start":{"line":76,"column":48},"end":{"line":87,"column":3}}},"5":{"name":"(anonymous_9)","decl":{"start":{"line":89,"column":37},"end":{"line":89,"column":46}},"loc":{"start":{"line":89,"column":52},"end":{"line":91,"column":3}}},"6":{"name":"(anonymous_10)","decl":{"start":{"line":93,"column":37},"end":{"line":93,"column":44}},"loc":{"start":{"line":93,"column":50},"end":{"line":97,"column":3}}},"7":{"name":"(anonymous_11)","decl":{"start":{"line":99,"column":36},"end":{"line":99,"column":43}},"loc":{"start":{"line":99,"column":49},"end":{"line":103,"column":3}}}},"branchMap":{"0":{"loc":{"start":{"line":42,"column":26},"end":{"line":42,"column":44}},"type":"binary-expr","locations":[{"start":{"line":42,"column":26},"end":{"line":42,"column":44}},{"start":{"line":42,"column":48},"end":{"line":42,"column":73}},{"start":{"line":42,"column":77},"end":{"line":42,"column":103}}]},"1":{"loc":{"start":{"line":43,"column":4},"end":{"line":45,"column":5}},"type":"if","locations":[{"start":{"line":43,"column":4},"end":{"line":45,"column":5}},{"start":{"line":43,"column":4},"end":{"line":45,"column":5}}]},"2":{"loc":{"start":{"line":46,"column":4},"end":{"line":49,"column":5}},"type":"if","locations":[{"start":{"line":46,"column":4},"end":{"line":49,"column":5}},{"start":{"line":46,"column":4},"end":{"line":49,"column":5}}]},"3":{"loc":{"start":{"line":46,"column":9},"end":{"line":46,"column":42}},"type":"binary-expr","locations":[{"start":{"line":46,"column":9},"end":{"line":46,"column":42}},{"start":{"line":46,"column":48},"end":{"line":46,"column":83}}]},"4":{"loc":{"start":{"line":55,"column":20},"end":{"line":55,"column":31}},"type":"binary-expr","locations":[{"start":{"line":55,"column":20},"end":{"line":55,"column":31}},{"start":{"line":55,"column":35},"end":{"line":55,"column":48}}]},"5":{"loc":{"start":{"line":60,"column":25},"end":{"line":60,"column":51}},"type":"binary-expr","locations":[{"start":{"line":60,"column":25},"end":{"line":60,"column":51}},{"start":{"line":60,"column":55},"end":{"line":60,"column":67}}]},"6":{"loc":{"start":{"line":61,"column":25},"end":{"line":61,"column":51}},"type":"binary-expr","locations":[{"start":{"line":61,"column":25},"end":{"line":61,"column":51}},{"start":{"line":61,"column":55},"end":{"line":61,"column":86}}]},"7":{"loc":{"start":{"line":64,"column":6},"end":{"line":64,"column":14}},"type":"switch","locations":[{"start":{"line":64,"column":6},"end":{"line":64,"column":14}},{"start":{"line":64,"column":15},"end":{"line":66,"column":14}},{"start":{"line":67,"column":6},"end":{"line":67,"column":14}},{"start":{"line":67,"column":15},"end":{"line":69,"column":14}},{"start":{"line":70,"column":6},"end":{"line":71,"column":14}}]},"8":{"loc":{"start":{"line":78,"column":6},"end":{"line":80,"column":14}},"type":"switch","locations":[{"start":{"line":78,"column":6},"end":{"line":80,"column":14}},{"start":{"line":81,"column":6},"end":{"line":83,"column":14}},{"start":{"line":84,"column":6},"end":{"line":85,"column":14}}]},"9":{"loc":{"start":{"line":94,"column":4},"end":{"line":96,"column":5}},"type":"if","locations":[{"start":{"line":94,"column":4},"end":{"line":96,"column":5}},{"start":{"line":94,"column":4},"end":{"line":96,"column":5}}]},"10":{"loc":{"start":{"line":100,"column":4},"end":{"line":102,"column":5}},"type":"if","locations":[{"start":{"line":100,"column":4},"end":{"line":102,"column":5}},{"start":{"line":100,"column":4},"end":{"line":102,"column":5}}]},"11":{"loc":{"start":{"line":32,"column":26},"end":{"line":33,"column":21}},"type":"binary-expr","locations":[{"start":{"line":32,"column":26},"end":{"line":33,"column":21}},{"start":{"line":32,"column":26},"end":{"line":33,"column":21}}]},"12":{"loc":{"start":{"line":32,"column":16},"end":{"line":32,"column":26}},"type":"binary-expr","locations":[{"start":{"line":32,"column":16},"end":{"line":32,"column":26}}]},"13":{"loc":{"start":{"line":32,"column":26},"end":{"line":33,"column":31}},"type":"binary-expr","locations":[{"start":{"line":32,"column":26},"end":{"line":33,"column":31}},{"start":{"line":33,"column":31},"end":{"line":34,"column":26}},{"start":{"line":33,"column":31},"end":{"line":34,"column":26}}]},"14":{"loc":{"start":{"line":32,"column":26},"end":{"line":33,"column":31}},"type":"binary-expr","locations":[{"start":{"line":32,"column":26},"end":{"line":33,"column":31}},{"start":{"line":33,"column":22},"end":{"line":33,"column":31}}]},"15":{"loc":{"start":{"line":33,"column":31},"end":{"line":34,"column":43}},"type":"binary-expr","locations":[{"start":{"line":33,"column":31},"end":{"line":34,"column":43}},{"start":{"line":34,"column":43},"end":{"line":35,"column":46}},{"start":{"line":34,"column":43},"end":{"line":35,"column":46}}]},"16":{"loc":{"start":{"line":33,"column":31},"end":{"line":34,"column":43}},"type":"binary-expr","locations":[{"start":{"line":33,"column":31},"end":{"line":34,"column":43}},{"start":{"line":34,"column":27},"end":{"line":34,"column":43}}]},"17":{"loc":{"start":{"line":34,"column":43},"end":{"line":35,"column":64}},"type":"binary-expr","locations":[{"start":{"line":34,"column":43},"end":{"line":35,"column":64}},{"start":{"line":35,"column":64},"end":{"line":36,"column":53}},{"start":{"line":35,"column":64},"end":{"line":36,"column":53}}]},"18":{"loc":{"start":{"line":34,"column":43},"end":{"line":35,"column":64}},"type":"binary-expr","locations":[{"start":{"line":34,"column":43},"end":{"line":35,"column":64}},{"start":{"line":35,"column":47},"end":{"line":35,"column":64}}]},"19":{"loc":{"start":{"line":35,"column":64},"end":{"line":36,"column":78}},"type":"binary-expr","locations":[{"start":{"line":35,"column":64},"end":{"line":36,"column":78}},{"start":{"line":36,"column":78},"end":{"line":37,"column":54}},{"start":{"line":36,"column":78},"end":{"line":37,"column":54}}]},"20":{"loc":{"start":{"line":35,"column":64},"end":{"line":36,"column":78}},"type":"binary-expr","locations":[{"start":{"line":35,"column":64},"end":{"line":36,"column":78}},{"start":{"line":36,"column":54},"end":{"line":36,"column":78}}]},"21":{"loc":{"start":{"line":36,"column":78},"end":{"line":37,"column":80}},"type":"binary-expr","locations":[{"start":{"line":36,"column":78},"end":{"line":37,"column":80}},{"start":{"line":37,"column":80},"end":{"line":null,"column":-1}},{"start":{"line":37,"column":80},"end":{"line":null,"column":-1}}]},"22":{"loc":{"start":{"line":36,"column":78},"end":{"line":37,"column":80}},"type":"binary-expr","locations":[{"start":{"line":36,"column":78},"end":{"line":37,"column":80}},{"start":{"line":37,"column":55},"end":{"line":37,"column":80}}]}},"s":{"0":1,"1":1,"2":1,"3":1,"4":1,"5":1,"6":1,"7":7,"8":7,"9":7,"10":7,"11":7,"12":7,"13":1,"14":2,"15":2,"16":2,"17":1,"18":1,"19":1,"20":1,"21":2,"22":3,"23":3,"24":3,"25":3,"26":3,"27":3,"28":3,"29":3,"30":1,"31":1,"32":1,"33":1,"34":1,"35":2,"36":2,"37":1,"38":1,"39":1,"40":1,"41":0,"42":2,"43":1,"44":2,"45":1,"46":1,"47":2,"48":1,"49":1,"50":1,"51":1,"52":1,"53":1},"f":{"0":1,"1":7,"2":2,"3":3,"4":2,"5":1,"6":1,"7":1},"b":{"0":[2,1,1],"1":[1,1],"2":[1,0],"3":[1,1],"4":[3,0],"5":[3,0],"6":[3,0],"7":[1,1,1,1,1],"8":[1,1,0],"9":[1,0],"10":[1,0],"11":[1,0],"12":[1],"13":[1,1,0],"14":[1,1],"15":[1,1,0],"16":[1,1],"17":[1,1,0],"18":[1,1],"19":[1,1,0],"20":[1,1],"21":[1,1,0],"22":[1,1]}}
,"/Users/allen.kim/github/@ngui/common/modules/list/src/ngui-list.directive.ts": {"path":"/Users/allen.kim/github/@ngui/common/modules/list/src/ngui-list.directive.ts","statementMap":{"0":{"start":{"line":1,"column":0},"end":{"line":7,"column":22}},"1":{"start":{"line":12,"column":0},"end":{"line":19,"column":0}},"2":{"start":{"line":18,"column":21},"end":{"line":18,"column":40}},"3":{"start":{"line":14,"column":12},"end":{"line":14,"column":61}},"4":{"start":{"line":16,"column":12},"end":{"line":16,"column":60}},"5":{"start":{"line":12,"column":13},"end":{"line":19,"column":1}},"6":{"start":{"line":19,"column":0},"end":{"line":19,"column":1}},"7":{"start":{"line":12,"column":13},"end":{"line":12,"column":30}}},"fnMap":{"0":{"name":"(anonymous_2)","decl":{"start":{"line":12,"column":0},"end":{"line":null,"column":-1}},"loc":{"start":{"line":12,"column":0},"end":{"line":12,"column":-1}}},"1":{"name":"NguiListDirective","decl":{"start":{"line":18,"column":2},"end":{"line":18,"column":20}},"loc":{"start":{"line":18,"column":40},"end":{"line":18,"column":45}}}},"branchMap":{"0":{"loc":{"start":{"line":14,"column":34},"end":{"line":null,"column":-1}},"type":"binary-expr","locations":[{"start":{"line":14,"column":34},"end":{"line":null,"column":-1}},{"start":{"line":14,"column":34},"end":{"line":null,"column":-1}}]},"1":{"loc":{"start":{"line":14,"column":22},"end":{"line":14,"column":34}},"type":"binary-expr","locations":[{"start":{"line":14,"column":22},"end":{"line":14,"column":34}}]},"2":{"loc":{"start":{"line":16,"column":33},"end":{"line":null,"column":-1}},"type":"binary-expr","locations":[{"start":{"line":16,"column":33},"end":{"line":null,"column":-1}},{"start":{"line":16,"column":33},"end":{"line":null,"column":-1}}]},"3":{"loc":{"start":{"line":16,"column":21},"end":{"line":16,"column":33}},"type":"binary-expr","locations":[{"start":{"line":16,"column":21},"end":{"line":16,"column":33}}]},"4":{"loc":{"start":{"line":18,"column":40},"end":{"line":null,"column":-1}},"type":"binary-expr","locations":[{"start":{"line":18,"column":40},"end":{"line":null,"column":-1}},{"start":{"line":18,"column":40},"end":{"line":null,"column":-1}}]},"5":{"loc":{"start":{"line":18,"column":30},"end":{"line":18,"column":40}},"type":"binary-expr","locations":[{"start":{"line":18,"column":30},"end":{"line":18,"column":40}}]}},"s":{"0":2,"1":2,"2":1,"3":3,"4":3,"5":2,"6":2,"7":2},"f":{"0":2,"1":1},"b":{"0":[2,0],"1":[2],"2":[2,0],"3":[2],"4":[2,0],"5":[2]}}
,"/Users/allen.kim/github/@ngui/common/modules/list/src/ngui-virtual-list.component.ts": {"path":"/Users/allen.kim/github/@ngui/common/modules/list/src/ngui-virtual-list.component.ts","statementMap":{"0":{"start":{"line":1,"column":0},"end":{"line":15,"column":22}},"1":{"start":{"line":17,"column":0},"end":{"line":17,"column":40}},"2":{"start":{"line":18,"column":0},"end":{"line":18,"column":39}},"3":{"start":{"line":20,"column":0},"end":{"line":20,"column":53}},"4":{"start":{"line":21,"column":0},"end":{"line":21,"column":70}},"5":{"start":{"line":62,"column":0},"end":{"line":142,"column":0}},"6":{"start":{"line":100,"column":11},"end":{"line":100,"column":30}},"7":{"start":{"line":101,"column":11},"end":{"line":101,"column":30}},"8":{"start":{"line":102,"column":11},"end":{"line":102,"column":59}},"9":{"start":{"line":103,"column":11},"end":{"line":103,"column":33}},"10":{"start":{"line":69,"column":12},"end":{"line":69,"column":61}},"11":{"start":{"line":71,"column":12},"end":{"line":71,"column":60}},"12":{"start":{"line":90,"column":12},"end":{"line":90,"column":65}},"13":{"start":{"line":94,"column":2},"end":{"line":94,"column":19}},"14":{"start":{"line":97,"column":2},"end":{"line":97,"column":65}},"15":{"start":{"line":107,"column":2},"end":{"line":111,"column":3}},"16":{"start":{"line":108,"column":4},"end":{"line":110,"column":5}},"17":{"start":{"line":109,"column":6},"end":{"line":109,"column":82}},"18":{"start":{"line":118,"column":2},"end":{"line":133,"column":3}},"19":{"start":{"line":119,"column":4},"end":{"line":132,"column":5}},"20":{"start":{"line":120,"column":6},"end":{"line":120,"column":32}},"21":{"start":{"line":122,"column":6},"end":{"line":123,"column":93}},"22":{"start":{"line":124,"column":6},"end":{"line":124,"column":68}},"23":{"start":{"line":126,"column":6},"end":{"line":126,"column":56}},"24":{"start":{"line":127,"column":6},"end":{"line":127,"column":45}},"25":{"start":{"line":129,"column":6},"end":{"line":129,"column":35}},"26":{"start":{"line":131,"column":6},"end":{"line":131,"column":75}},"27":{"start":{"line":136,"column":2},"end":{"line":140,"column":3}},"28":{"start":{"line":137,"column":4},"end":{"line":137,"column":31}},"29":{"start":{"line":138,"column":4},"end":{"line":138,"column":73}},"30":{"start":{"line":139,"column":4},"end":{"line":139,"column":45}},"31":{"start":{"line":65,"column":48},"end":{"line":65,"column":75}},"32":{"start":{"line":67,"column":29},"end":{"line":67,"column":56}},"33":{"start":{"line":62,"column":13},"end":{"line":142,"column":1}},"34":{"start":{"line":142,"column":0},"end":{"line":142,"column":1}},"35":{"start":{"line":62,"column":13},"end":{"line":62,"column":37}}},"fnMap":{"0":{"name":"(anonymous_2)","decl":{"start":{"line":62,"column":0},"end":{"line":null,"column":-1}},"loc":{"start":{"line":62,"column":0},"end":{"line":62,"column":-1}}},"1":{"name":"NguiVirtualListComponent","decl":{"start":{"line":99,"column":2},"end":{"line":100,"column":10}},"loc":{"start":{"line":103,"column":33},"end":{"line":104,"column":6}}},"2":{"name":"(anonymous_4)","decl":{"start":{"line":107,"column":2},"end":{"line":null,"column":-1}},"loc":{"start":{"line":107,"column":2},"end":{"line":111,"column":3}}},"3":{"name":"(anonymous_5)","decl":{"start":{"line":118,"column":2},"end":{"line":null,"column":-1}},"loc":{"start":{"line":118,"column":2},"end":{"line":133,"column":3}}},"4":{"name":"(anonymous_6)","decl":{"start":{"line":136,"column":2},"end":{"line":136,"column":9}},"loc":{"start":{"line":136,"column":27},"end":{"line":140,"column":3}}}},"branchMap":{"0":{"loc":{"start":{"line":108,"column":4},"end":{"line":110,"column":5}},"type":"if","locations":[{"start":{"line":108,"column":4},"end":{"line":110,"column":5}},{"start":{"line":108,"column":4},"end":{"line":110,"column":5}}]},"1":{"loc":{"start":{"line":108,"column":8},"end":{"line":108,"column":22}},"type":"binary-expr","locations":[{"start":{"line":108,"column":8},"end":{"line":108,"column":22}},{"start":{"line":108,"column":26},"end":{"line":108,"column":61}}]},"2":{"loc":{"start":{"line":119,"column":4},"end":{"line":132,"column":5}},"type":"if","locations":[{"start":{"line":119,"column":4},"end":{"line":132,"column":5}},{"start":{"line":119,"column":4},"end":{"line":132,"column":5}}]},"3":{"loc":{"start":{"line":65,"column":74},"end":{"line":null,"column":-1}},"type":"binary-expr","locations":[{"start":{"line":65,"column":74},"end":{"line":null,"column":-1}},{"start":{"line":65,"column":74},"end":{"line":null,"column":-1}}]},"4":{"loc":{"start":{"line":65,"column":58},"end":{"line":65,"column":74}},"type":"binary-expr","locations":[{"start":{"line":65,"column":58},"end":{"line":65,"column":74}}]},"5":{"loc":{"start":{"line":67,"column":50},"end":{"line":null,"column":-1}},"type":"binary-expr","locations":[{"start":{"line":67,"column":50},"end":{"line":null,"column":-1}},{"start":{"line":67,"column":50},"end":{"line":null,"column":-1}}]},"6":{"loc":{"start":{"line":67,"column":39},"end":{"line":67,"column":50}},"type":"binary-expr","locations":[{"start":{"line":67,"column":39},"end":{"line":67,"column":50}}]},"7":{"loc":{"start":{"line":69,"column":34},"end":{"line":null,"column":-1}},"type":"binary-expr","locations":[{"start":{"line":69,"column":34},"end":{"line":null,"column":-1}},{"start":{"line":69,"column":34},"end":{"line":null,"column":-1}}]},"8":{"loc":{"start":{"line":69,"column":22},"end":{"line":69,"column":34}},"type":"binary-expr","locations":[{"start":{"line":69,"column":22},"end":{"line":69,"column":34}}]},"9":{"loc":{"start":{"line":71,"column":33},"end":{"line":null,"column":-1}},"type":"binary-expr","locations":[{"start":{"line":71,"column":33},"end":{"line":null,"column":-1}},{"start":{"line":71,"column":33},"end":{"line":null,"column":-1}}]},"10":{"loc":{"start":{"line":71,"column":21},"end":{"line":71,"column":33}},"type":"binary-expr","locations":[{"start":{"line":71,"column":21},"end":{"line":71,"column":33}}]},"11":{"loc":{"start":{"line":90,"column":38},"end":{"line":null,"column":-1}},"type":"binary-expr","locations":[{"start":{"line":90,"column":38},"end":{"line":null,"column":-1}},{"start":{"line":90,"column":38},"end":{"line":null,"column":-1}}]},"12":{"loc":{"start":{"line":90,"column":26},"end":{"line":90,"column":38}},"type":"binary-expr","locations":[{"start":{"line":90,"column":26},"end":{"line":90,"column":38}}]},"13":{"loc":{"start":{"line":100,"column":30},"end":{"line":101,"column":19}},"type":"binary-expr","locations":[{"start":{"line":100,"column":30},"end":{"line":101,"column":19}},{"start":{"line":100,"column":30},"end":{"line":101,"column":19}}]},"14":{"loc":{"start":{"line":100,"column":21},"end":{"line":100,"column":30}},"type":"binary-expr","locations":[{"start":{"line":100,"column":21},"end":{"line":100,"column":30}}]},"15":{"loc":{"start":{"line":100,"column":30},"end":{"line":101,"column":30}},"type":"binary-expr","locations":[{"start":{"line":100,"column":30},"end":{"line":101,"column":30}},{"start":{"line":101,"column":30},"end":{"line":102,"column":35}},{"start":{"line":101,"column":30},"end":{"line":102,"column":35}}]},"16":{"loc":{"start":{"line":100,"column":30},"end":{"line":101,"column":30}},"type":"binary-expr","locations":[{"start":{"line":100,"column":30},"end":{"line":101,"column":30}},{"start":{"line":101,"column":20},"end":{"line":101,"column":30}}]},"17":{"loc":{"start":{"line":101,"column":30},"end":{"line":102,"column":59}},"type":"binary-expr","locations":[{"start":{"line":101,"column":30},"end":{"line":102,"column":59}},{"start":{"line":102,"column":59},"end":{"line":103,"column":15}},{"start":{"line":102,"column":59},"end":{"line":103,"column":15}}]},"18":{"loc":{"start":{"line":101,"column":30},"end":{"line":102,"column":59}},"type":"binary-expr","locations":[{"start":{"line":101,"column":30},"end":{"line":102,"column":59}},{"start":{"line":102,"column":36},"end":{"line":102,"column":59}}]},"19":{"loc":{"start":{"line":102,"column":59},"end":{"line":103,"column":33}},"type":"binary-expr","locations":[{"start":{"line":102,"column":59},"end":{"line":103,"column":33}},{"start":{"line":103,"column":33},"end":{"line":null,"column":-1}},{"start":{"line":103,"column":33},"end":{"line":null,"column":-1}}]},"20":{"loc":{"start":{"line":102,"column":59},"end":{"line":103,"column":33}},"type":"binary-expr","locations":[{"start":{"line":102,"column":59},"end":{"line":103,"column":33}},{"start":{"line":103,"column":16},"end":{"line":103,"column":33}}]}},"s":{"0":3,"1":3,"2":3,"3":3,"4":3,"5":3,"6":18,"7":18,"8":18,"9":18,"10":21,"11":21,"12":21,"13":18,"14":18,"15":3,"16":5,"17":5,"18":3,"19":1,"20":1,"21":1,"22":1,"23":1,"24":1,"25":1,"26":0,"27":3,"28":1,"29":1,"30":1,"31":3,"32":3,"33":3,"34":3,"35":3},"f":{"0":3,"1":18,"2":5,"3":1,"4":1},"b":{"0":[5,0],"1":[5,0],"2":[1,0],"3":[3,0],"4":[3],"5":[3,0],"6":[3],"7":[3,0],"8":[3],"9":[3,0],"10":[3],"11":[3,0],"12":[3],"13":[3,0],"14":[3],"15":[3,3,0],"16":[3,3],"17":[3,3,0],"18":[3,3],"19":[3,3,0],"20":[3,3]}}
,"/Users/allen.kim/github/@ngui/common/modules/utils/src/dynamic-component.service.ts": {"path":"/Users/allen.kim/github/@ngui/common/modules/utils/src/dynamic-component.service.ts","statementMap":{"0":{"start":{"line":26,"column":0},"end":{"line":34,"column":22}},"1":{"start":{"line":40,"column":0},"end":{"line":76,"column":0}},"2":{"start":{"line":47,"column":4},"end":{"line":47,"column":43}},"3":{"start":{"line":56,"column":2},"end":{"line":61,"column":3}},"4":{"start":{"line":57,"column":4},"end":{"line":57,"column":60}},"5":{"start":{"line":58,"column":20},"end":{"line":58,"column":75}},"6":{"start":{"line":60,"column":4},"end":{"line":60,"column":65}},"7":{"start":{"line":66,"column":2},"end":{"line":74,"column":3}},"8":{"start":{"line":67,"column":19},"end":{"line":67,"column":78}},"9":{"start":{"line":68,"column":4},"end":{"line":68,"column":67}},"10":{"start":{"line":69,"column":4},"end":{"line":69,"column":38}},"11":{"start":{"line":71,"column":4},"end":{"line":71,"column":57}},"12":{"start":{"line":73,"column":4},"end":{"line":73,"column":33}},"13":{"start":{"line":40,"column":13},"end":{"line":76,"column":1}},"14":{"start":{"line":76,"column":0},"end":{"line":76,"column":1}},"15":{"start":{"line":40,"column":13},"end":{"line":40,"column":36}}},"fnMap":{"0":{"name":"(anonymous_4)","decl":{"start":{"line":40,"column":0},"end":{"line":null,"column":-1}},"loc":{"start":{"line":40,"column":0},"end":{"line":40,"column":-1}}},"1":{"name":"DynamicComponentService","decl":{"start":{"line":46,"column":2},"end":{"line":46,"column":47}},"loc":{"start":{"line":46,"column":63},"end":{"line":48,"column":3}}},"2":{"name":"(anonymous_6)","decl":{"start":{"line":56,"column":2},"end":{"line":56,"column":17}},"loc":{"start":{"line":56,"column":57},"end":{"line":61,"column":3}}},"3":{"name":"(anonymous_7)","decl":{"start":{"line":66,"column":2},"end":{"line":66,"column":17}},"loc":{"start":{"line":66,"column":49},"end":{"line":74,"column":3}}}},"branchMap":{"0":{"loc":{"start":{"line":57,"column":29},"end":{"line":57,"column":33}},"type":"binary-expr","locations":[{"start":{"line":57,"column":29},"end":{"line":57,"column":33}},{"start":{"line":57,"column":37},"end":{"line":57,"column":59}}]}},"s":{"0":4,"1":4,"2":20,"3":4,"4":1,"5":1,"6":1,"7":4,"8":1,"9":1,"10":1,"11":1,"12":1,"13":4,"14":4,"15":4},"f":{"0":4,"1":20,"2":1,"3":1},"b":{"0":[1,0]}}
,"/Users/allen.kim/github/@ngui/common/modules/utils/src/ngui-highlight.pipe.ts": {"path":"/Users/allen.kim/github/@ngui/common/modules/utils/src/ngui-highlight.pipe.ts","statementMap":{"0":{"start":{"line":1,"column":0},"end":{"line":1,"column":51}},"1":{"start":{"line":4,"column":0},"end":{"line":14,"column":0}},"2":{"start":{"line":5,"column":2},"end":{"line":13,"column":3}},"3":{"start":{"line":6,"column":14},"end":{"line":6,"column":18}},"4":{"start":{"line":7,"column":4},"end":{"line":10,"column":5}},"5":{"start":{"line":8,"column":18},"end":{"line":8,"column":42}},"6":{"start":{"line":9,"column":6},"end":{"line":9,"column":86}},"7":{"start":{"line":9,"column":38},"end":{"line":9,"column":84}},"8":{"start":{"line":12,"column":4},"end":{"line":12,"column":15}},"9":{"start":{"line":4,"column":13},"end":{"line":14,"column":1}},"10":{"start":{"line":14,"column":0},"end":{"line":14,"column":1}},"11":{"start":{"line":4,"column":13},"end":{"line":4,"column":30}}},"fnMap":{"0":{"name":"(anonymous_1)","decl":{"start":{"line":4,"column":0},"end":{"line":null,"column":-1}},"loc":{"start":{"line":4,"column":0},"end":{"line":4,"column":-1}}},"1":{"name":"(anonymous_3)","decl":{"start":{"line":5,"column":2},"end":{"line":5,"column":11}},"loc":{"start":{"line":5,"column":40},"end":{"line":13,"column":3}}},"2":{"name":"(anonymous_4)","decl":{"start":{"line":9,"column":29},"end":{"line":9,"column":28}},"loc":{"start":{"line":9,"column":34},"end":{"line":9,"column":84}}}},"branchMap":{"0":{"loc":{"start":{"line":7,"column":4},"end":{"line":10,"column":5}},"type":"if","locations":[{"start":{"line":7,"column":4},"end":{"line":10,"column":5}},{"start":{"line":7,"column":4},"end":{"line":10,"column":5}}]}},"s":{"0":4,"1":4,"2":4,"3":2,"4":2,"5":1,"6":1,"7":1,"8":2,"9":4,"10":4,"11":4},"f":{"0":6,"1":2,"2":1},"b":{"0":[1,1]}}
}
