TN:
SF:/Users/allen.kim/github/@ngui/common/modules/in-view/src/ngui-inview.component.ts
FN:36,(anonymous_4)
FN:50,NguiInviewComponent
FN:56,(anonymous_6)
FN:64,(anonymous_7)
FN:69,(anonymous_8)
FN:70,(anonymous_9)
FN:85,(anonymous_10)
FNF:7
FNH:7
FNDA:1,(anonymous_4)
FNDA:5,NguiInviewComponent
FNDA:1,(anonymous_6)
FNDA:5,(anonymous_7)
FNDA:2,(anonymous_8)
FNDA:2,(anonymous_9)
FNDA:2,(anonymous_10)
DA:1,1
DA:17,1
DA:36,1
DA:38,1
DA:40,6
DA:41,6
DA:42,6
DA:46,5
DA:48,5
DA:51,5
DA:52,5
DA:53,5
DA:56,1
DA:57,1
DA:58,1
DA:59,1
DA:64,1
DA:65,5
DA:69,2
DA:70,2
DA:71,2
DA:72,1
DA:73,1
DA:74,1
DA:76,1
DA:85,1
DA:86,2
DA:87,2
DA:89,2
DA:90,1
DA:91,1
DA:92,1
DA:93,1
DA:95,1
DA:96,1
DA:98,1
DA:101,1
LF:37
LH:37
BRDA:57,0,0,1
BRDA:57,0,1,0
BRDA:71,1,0,1
BRDA:71,1,1,1
BRDA:86,2,0,0
BRDA:86,2,1,2
BRDA:87,3,0,0
BRDA:87,3,1,2
BRDA:89,4,0,1
BRDA:89,4,1,1
BRDA:38,5,0,1
BRDA:38,5,1,0
BRDA:38,6,0,1
BRDA:41,7,0,1
BRDA:41,7,1,0
BRDA:41,8,0,1
BRDA:42,9,0,1
BRDA:42,9,1,0
BRDA:42,10,0,1
BRDA:51,11,0,1
BRDA:51,11,1,0
BRDA:51,12,0,1
BRDA:51,13,0,1
BRDA:51,13,1,1
BRDA:51,13,2,0
BRDA:51,14,0,1
BRDA:51,14,1,1
BRF:27
BRH:19
end_of_record
TN:
SF:/Users/allen.kim/github/@ngui/common/modules/in-view/src/ngui-inview.directive.ts
FN:22,(anonymous_4)
FN:33,NguiInviewDirective
FN:40,(anonymous_6)
FN:48,(anonymous_7)
FN:58,(anonymous_8)
FN:59,(anonymous_9)
FNF:6
FNH:6
FNDA:1,(anonymous_4)
FNDA:4,NguiInviewDirective
FNDA:1,(anonymous_6)
FNDA:4,(anonymous_7)
FNDA:2,(anonymous_8)
FNDA:2,(anonymous_9)
DA:1,1
DA:14,1
DA:22,1
DA:26,5
DA:29,5
DA:31,5
DA:34,4
DA:35,4
DA:36,4
DA:40,1
DA:41,1
DA:42,1
DA:43,1
DA:48,1
DA:49,4
DA:50,4
DA:58,2
DA:59,2
DA:60,2
DA:61,1
DA:63,1
DA:67,1
LF:22
LH:22
BRDA:41,0,0,1
BRDA:41,0,1,0
BRDA:49,1,0,4
BRDA:49,1,1,0
BRDA:50,2,0,4
BRDA:50,2,1,4
BRDA:60,3,0,1
BRDA:60,3,1,1
BRDA:29,4,0,1
BRDA:29,4,1,0
BRDA:29,5,0,1
BRDA:31,6,0,1
BRDA:31,6,1,0
BRDA:31,7,0,1
BRDA:34,8,0,1
BRDA:34,8,1,0
BRDA:34,9,0,1
BRDA:34,10,0,1
BRDA:34,10,1,1
BRDA:34,10,2,0
BRDA:34,11,0,1
BRDA:34,11,1,1
BRF:22
BRH:16
end_of_record
TN:
SF:/Users/allen.kim/github/@ngui/common/modules/list/src/ngui-autocomplete.component.ts
FN:30,(anonymous_7)
FN:17,NguiAutocompleteComponent
FN:56,(anonymous_9)
FN:64,(anonymous_10)
FN:75,(anonymous_11)
FN:83,(anonymous_12)
FN:93,(anonymous_13)
FN:103,(anonymous_14)
FN:107,(anonymous_15)
FN:108,(anonymous_16)
FN:114,(anonymous_17)
FN:135,(anonymous_18)
FN:138,(anonymous_19)
FN:150,(anonymous_20)
FN:159,(anonymous_21)
FN:165,(anonymous_22)
FN:172,(anonymous_23)
FN:185,(anonymous_24)
FN:202,(anonymous_25)
FNF:19
FNH:18
FNDA:2,(anonymous_7)
FNDA:14,NguiAutocompleteComponent
FNDA:3,(anonymous_9)
FNDA:1,(anonymous_10)
FNDA:1,(anonymous_11)
FNDA:1,(anonymous_12)
FNDA:1,(anonymous_13)
FNDA:1,(anonymous_14)
FNDA:1,(anonymous_15)
FNDA:1,(anonymous_16)
FNDA:0,(anonymous_17)
FNDA:1,(anonymous_18)
FNDA:1,(anonymous_19)
FNDA:1,(anonymous_20)
FNDA:2,(anonymous_21)
FNDA:1,(anonymous_22)
FNDA:1,(anonymous_23)
FNDA:1,(anonymous_24)
FNDA:3,(anonymous_25)
DA:1,2
DA:8,2
DA:9,2
DA:10,2
DA:12,2
DA:13,2
DA:14,2
DA:15,2
DA:17,14
DA:30,2
DA:31,2
DA:32,16
DA:33,16
DA:34,16
DA:37,2
DA:40,14
DA:56,2
DA:57,3
DA:58,3
DA:59,3
DA:61,3
DA:64,2
DA:65,1
DA:66,1
DA:68,1
DA:69,1
DA:70,1
DA:71,1
DA:72,1
DA:75,2
DA:76,1
DA:77,1
DA:78,1
DA:79,1
DA:80,1
DA:83,2
DA:84,1
DA:85,1
DA:86,1
DA:87,1
DA:89,1
DA:90,1
DA:93,2
DA:94,1
DA:95,1
DA:96,1
DA:97,1
DA:99,1
DA:100,1
DA:103,2
DA:104,1
DA:107,2
DA:108,1
DA:109,1
DA:111,1
DA:114,2
DA:115,0
DA:116,0
DA:117,0
DA:118,0
DA:119,0
DA:121,0
DA:123,0
DA:124,0
DA:125,0
DA:127,0
DA:128,0
DA:129,0
DA:130,0
DA:135,2
DA:136,1
DA:137,1
DA:138,1
DA:139,1
DA:140,1
DA:141,1
DA:142,1
DA:143,1
DA:144,1
DA:150,2
DA:151,1
DA:152,1
DA:153,1
DA:155,0
DA:159,2
DA:160,2
DA:161,1
DA:162,1
DA:163,1
DA:165,1
DA:166,1
DA:167,1
DA:172,2
DA:173,1
DA:174,1
DA:175,1
DA:176,1
DA:177,1
DA:179,1
DA:180,1
DA:181,1
DA:185,2
DA:186,1
DA:187,1
DA:192,1
DA:193,1
DA:194,0
DA:195,0
DA:196,1
DA:197,1
DA:198,1
DA:202,3
DA:203,1
DA:204,1
DA:207,2
LF:115
LH:99
BRDA:17,0,0,14
BRDA:17,0,1,14
BRDA:17,0,2,14
BRDA:57,1,0,3
BRDA:57,1,1,2
BRDA:58,2,0,3
BRDA:58,2,1,3
BRDA:61,3,0,3
BRDA:61,3,1,1
BRDA:61,3,2,0
BRDA:86,4,0,1
BRDA:86,4,1,0
BRDA:96,5,0,1
BRDA:96,5,1,0
BRDA:117,6,0,0
BRDA:117,6,1,0
BRDA:117,7,0,0
BRDA:117,7,1,0
BRDA:118,8,0,0
BRDA:118,8,1,0
BRDA:123,9,0,0
BRDA:123,9,1,0
BRDA:123,10,0,0
BRDA:123,10,1,0
BRDA:124,11,0,0
BRDA:124,11,1,0
BRDA:125,12,0,0
BRDA:125,12,1,0
BRDA:125,13,0,0
BRDA:125,13,1,0
BRDA:127,14,0,0
BRDA:127,14,1,0
BRDA:136,15,0,1
BRDA:136,15,1,0
BRDA:152,16,0,1
BRDA:152,16,1,0
BRDA:160,17,0,1
BRDA:160,17,1,1
BRDA:192,18,0,1
BRDA:192,18,1,0
BRDA:193,19,0,0
BRDA:193,19,1,1
BRDA:193,20,0,1
BRDA:193,20,1,1
BRDA:193,20,2,1
BRDA:196,21,0,1
BRDA:196,21,1,0
BRDA:37,22,0,2
BRDA:37,22,1,0
BRDA:37,23,0,2
BRF:50
BRH:23
end_of_record
TN:
SF:/Users/allen.kim/github/@ngui/common/modules/list/src/ngui-inview-page.component.ts
FN:53,(anonymous_2)
FN:75,NguiInviewPageComponent
FN:84,(anonymous_4)
FN:94,(anonymous_5)
FN:99,(anonymous_6)
FN:107,(anonymous_7)
FN:122,(anonymous_8)
FNF:7
FNH:7
FNDA:4,(anonymous_2)
FNDA:6,NguiInviewPageComponent
FNDA:1,(anonymous_4)
FNDA:1,(anonymous_5)
FNDA:6,(anonymous_6)
FNDA:1,(anonymous_7)
FNDA:1,(anonymous_8)
DA:1,4
DA:53,4
DA:56,4
DA:60,4
DA:65,6
DA:67,6
DA:76,6
DA:77,6
DA:78,6
DA:84,4
DA:85,1
DA:86,1
DA:87,1
DA:88,1
DA:89,1
DA:90,1
DA:94,4
DA:95,1
DA:99,4
DA:100,6
DA:101,6
DA:107,4
DA:108,1
DA:110,1
DA:111,1
DA:113,1
DA:114,1
DA:115,1
DA:116,1
DA:117,1
DA:122,4
DA:123,1
DA:124,1
DA:125,1
DA:126,1
DA:130,4
LF:36
LH:36
BRDA:85,0,0,1
BRDA:85,0,1,0
BRDA:87,1,0,1
BRDA:87,1,1,0
BRDA:108,2,0,1
BRDA:108,2,1,0
BRDA:108,3,0,1
BRDA:108,3,1,1
BRDA:108,3,2,1
BRDA:114,4,0,1
BRDA:114,4,1,0
BRDA:116,5,0,1
BRDA:116,5,1,0
BRDA:123,6,0,1
BRDA:123,6,1,0
BRDA:56,7,0,4
BRDA:56,7,1,0
BRDA:56,8,0,4
BRDA:76,9,0,4
BRDA:76,9,1,0
BRDA:76,10,0,4
BRDA:76,11,0,4
BRDA:76,11,1,4
BRDA:76,11,2,0
BRDA:76,12,0,4
BRDA:76,12,1,4
BRDA:77,13,0,4
BRDA:77,13,1,4
BRDA:77,13,2,0
BRDA:77,14,0,4
BRDA:77,14,1,4
BRF:31
BRH:21
end_of_record
TN:
SF:/Users/allen.kim/github/@ngui/common/modules/list/src/ngui-list-item.directive.ts
FN:24,(anonymous_4)
FN:31,NguiListItemDirective
FN:40,(anonymous_6)
FN:53,(anonymous_7)
FN:76,(anonymous_8)
FN:89,(anonymous_9)
FN:93,(anonymous_10)
FN:99,(anonymous_11)
FNF:8
FNH:8
FNDA:1,(anonymous_4)
FNDA:7,NguiListItemDirective
FNDA:2,(anonymous_6)
FNDA:3,(anonymous_7)
FNDA:2,(anonymous_8)
FNDA:1,(anonymous_9)
FNDA:1,(anonymous_10)
FNDA:1,(anonymous_11)
DA:1,1
DA:14,1
DA:15,1
DA:16,1
DA:17,1
DA:18,1
DA:24,1
DA:25,1
DA:32,7
DA:33,7
DA:34,7
DA:35,7
DA:36,7
DA:37,7
DA:40,1
DA:41,2
DA:42,2
DA:43,2
DA:44,1
DA:46,1
DA:47,1
DA:48,1
DA:53,2
DA:54,3
DA:55,3
DA:56,3
DA:58,3
DA:59,3
DA:60,3
DA:61,3
DA:63,3
DA:65,1
DA:66,1
DA:68,1
DA:69,1
DA:71,1
DA:76,2
DA:77,2
DA:79,1
DA:80,1
DA:82,1
DA:83,1
DA:85,0
DA:89,2
DA:90,1
DA:93,2
DA:94,1
DA:95,1
DA:99,2
DA:100,1
DA:101,1
DA:104,1
LF:52
LH:51
BRDA:42,0,0,2
BRDA:42,0,1,1
BRDA:42,0,2,1
BRDA:43,1,0,1
BRDA:43,1,1,1
BRDA:46,2,0,1
BRDA:46,2,1,0
BRDA:46,3,0,1
BRDA:46,3,1,1
BRDA:55,4,0,3
BRDA:55,4,1,0
BRDA:60,5,0,3
BRDA:60,5,1,0
BRDA:61,6,0,3
BRDA:61,6,1,0
BRDA:64,7,0,1
BRDA:64,7,1,1
BRDA:64,7,2,1
BRDA:64,7,3,1
BRDA:64,7,4,1
BRDA:78,8,0,1
BRDA:78,8,1,1
BRDA:78,8,2,0
BRDA:94,9,0,1
BRDA:94,9,1,0
BRDA:100,10,0,1
BRDA:100,10,1,0
BRDA:32,11,0,1
BRDA:32,11,1,0
BRDA:32,12,0,1
BRDA:32,13,0,1
BRDA:32,13,1,1
BRDA:32,13,2,0
BRDA:32,14,0,1
BRDA:32,14,1,1
BRDA:33,15,0,1
BRDA:33,15,1,1
BRDA:33,15,2,0
BRDA:33,16,0,1
BRDA:33,16,1,1
BRDA:34,17,0,1
BRDA:34,17,1,1
BRDA:34,17,2,0
BRDA:34,18,0,1
BRDA:34,18,1,1
BRDA:35,19,0,1
BRDA:35,19,1,1
BRDA:35,19,2,0
BRDA:35,20,0,1
BRDA:35,20,1,1
BRDA:36,21,0,1
BRDA:36,21,1,1
BRDA:36,21,2,0
BRDA:36,22,0,1
BRDA:36,22,1,1
BRF:55
BRH:42
end_of_record
TN:
SF:/Users/allen.kim/github/@ngui/common/modules/list/src/ngui-list.directive.ts
FN:12,(anonymous_2)
FN:18,NguiListDirective
FNF:2
FNH:2
FNDA:2,(anonymous_2)
FNDA:1,NguiListDirective
DA:1,2
DA:12,2
DA:14,3
DA:16,3
DA:18,1
DA:19,2
LF:6
LH:6
BRDA:14,0,0,2
BRDA:14,0,1,0
BRDA:14,1,0,2
BRDA:16,2,0,2
BRDA:16,2,1,0
BRDA:16,3,0,2
BRDA:18,4,0,2
BRDA:18,4,1,0
BRDA:18,5,0,2
BRF:9
BRH:6
end_of_record
TN:
SF:/Users/allen.kim/github/@ngui/common/modules/list/src/ngui-virtual-list.component.ts
FN:62,(anonymous_2)
FN:99,NguiVirtualListComponent
FN:107,(anonymous_4)
FN:118,(anonymous_5)
FN:136,(anonymous_6)
FNF:5
FNH:5
FNDA:3,(anonymous_2)
FNDA:18,NguiVirtualListComponent
FNDA:5,(anonymous_4)
FNDA:1,(anonymous_5)
FNDA:1,(anonymous_6)
DA:1,3
DA:17,3
DA:18,3
DA:20,3
DA:21,3
DA:62,3
DA:65,3
DA:67,3
DA:69,21
DA:71,21
DA:90,21
DA:94,18
DA:97,18
DA:100,18
DA:101,18
DA:102,18
DA:103,18
DA:107,3
DA:108,5
DA:109,5
DA:118,3
DA:119,1
DA:120,1
DA:122,1
DA:124,1
DA:126,1
DA:127,1
DA:129,1
DA:131,0
DA:136,3
DA:137,1
DA:138,1
DA:139,1
DA:142,3
LF:34
LH:33
BRDA:108,0,0,5
BRDA:108,0,1,0
BRDA:108,1,0,5
BRDA:108,1,1,0
BRDA:119,2,0,1
BRDA:119,2,1,0
BRDA:65,3,0,3
BRDA:65,3,1,0
BRDA:65,4,0,3
BRDA:67,5,0,3
BRDA:67,5,1,0
BRDA:67,6,0,3
BRDA:69,7,0,3
BRDA:69,7,1,0
BRDA:69,8,0,3
BRDA:71,9,0,3
BRDA:71,9,1,0
BRDA:71,10,0,3
BRDA:90,11,0,3
BRDA:90,11,1,0
BRDA:90,12,0,3
BRDA:100,13,0,3
BRDA:100,13,1,0
BRDA:100,14,0,3
BRDA:100,15,0,3
BRDA:100,15,1,3
BRDA:100,15,2,0
BRDA:100,16,0,3
BRDA:100,16,1,3
BRDA:101,17,0,3
BRDA:101,17,1,3
BRDA:101,17,2,0
BRDA:101,18,0,3
BRDA:101,18,1,3
BRDA:102,19,0,3
BRDA:102,19,1,3
BRDA:102,19,2,0
BRDA:102,20,0,3
BRDA:102,20,1,3
BRF:39
BRH:27
end_of_record
TN:
SF:/Users/allen.kim/github/@ngui/common/modules/utils/src/dynamic-component.service.ts
FN:40,(anonymous_4)
FN:46,DynamicComponentService
FN:56,(anonymous_6)
FN:66,(anonymous_7)
FNF:4
FNH:4
FNDA:4,(anonymous_4)
FNDA:20,DynamicComponentService
FNDA:1,(anonymous_6)
FNDA:1,(anonymous_7)
DA:26,4
DA:40,4
DA:47,20
DA:56,4
DA:57,1
DA:58,1
DA:60,1
DA:66,4
DA:67,1
DA:68,1
DA:69,1
DA:71,1
DA:73,1
DA:76,4
LF:14
LH:14
BRDA:57,0,0,1
BRDA:57,0,1,0
BRF:2
BRH:1
end_of_record
TN:
SF:/Users/allen.kim/github/@ngui/common/modules/utils/src/ngui-highlight.pipe.ts
FN:4,(anonymous_1)
FN:5,(anonymous_3)
FN:9,(anonymous_4)
FNF:3
FNH:3
FNDA:6,(anonymous_1)
FNDA:2,(anonymous_3)
FNDA:1,(anonymous_4)
DA:1,4
DA:4,4
DA:5,4
DA:6,2
DA:7,2
DA:8,1
DA:9,1
DA:12,2
DA:14,4
LF:9
LH:9
BRDA:7,0,0,1
BRDA:7,0,1,1
BRF:2
BRH:2
end_of_record
